2020-07-27 00:30:08,727 ERROR 2168 nodejs.ClusterClientNoResponseError: client no response in 1603756ms exceeding maxIdleTime 60000ms, maybe the connection is close on other side.
    at Timeout._onTimeout (C:\Users\aliebware\Desktop\wang\server\node_modules\_cluster-client@3.0.1@cluster-client\lib\leader.js:77:23)
    at listOnTimeout (internal/timers.js:549:17)
    at processTimers (internal/timers.js:492:7)
name: "ClusterClientNoResponseError"
pid: 2168
hostname: aliebware-PC

2020-07-28 13:31:27,984 ERROR 8420 nodejs.ClusterClientNoResponseError: client no response in 3403566ms exceeding maxIdleTime 60000ms, maybe the connection is close on other side.
    at Timeout._onTimeout (C:\Users\aliebware\Desktop\wang\server\node_modules\_cluster-client@3.0.1@cluster-client\lib\leader.js:77:23)
    at listOnTimeout (internal/timers.js:549:17)
    at processTimers (internal/timers.js:492:7)
name: "ClusterClientNoResponseError"
pid: 8420
hostname: aliebware-PC

2020-07-28 14:22:35,057 ERROR 10852 [-/127.0.0.1/-/110ms POST /v1/order] nodejs.TypeError: Cannot read property 'count' of undefined
    at OperatingGoodsController.order (C:\Users\aliebware\Desktop\wang\server\app\controller\api\operatingGoods.js:197:34)
    at runMicrotasks (<anonymous>)
    at processTicksAndRejections (internal/process/task_queues.js:97:5)
    at async C:\Users\aliebware\Desktop\wang\server\app\middleware\isLogin.js:15:13
    at async C:\Users\aliebware\Desktop\wang\server\node_modules\_egg-development@2.5.0@egg-development\app\middleware\egg_loader_trace.js:9:50
    at async xframe (C:\Users\aliebware\Desktop\wang\server\node_modules\_egg-security@2.8.0@egg-security\lib\middlewares\xframe.js:7:5)
    at async xssProtection (C:\Users\aliebware\Desktop\wang\server\node_modules\_egg-security@2.8.0@egg-security\lib\middlewares\xssProtection.js:7:5)
    at async nosniff (C:\Users\aliebware\Desktop\wang\server\node_modules\_egg-security@2.8.0@egg-security\lib\middlewares\nosniff.js:8:5)
    at async noopen (C:\Users\aliebware\Desktop\wang\server\node_modules\_egg-security@2.8.0@egg-security\lib\middlewares\noopen.js:8:5)
    at async session (C:\Users\aliebware\Desktop\wang\server\node_modules\_koa-session@6.0.0@koa-session\index.js:41:7)
    at async bodyParser (C:\Users\aliebware\Desktop\wang\server\node_modules\_koa-bodyparser@4.3.0@koa-bodyparser\index.js:95:5)
    at async C:\Users\aliebware\Desktop\wang\server\node_modules\_koa-static-cache@5.1.3@koa-static-cache\index.js:39:63
    at async notfound (C:\Users\aliebware\Desktop\wang\server\node_modules\_egg@2.27.0@egg\app\middleware\notfound.js:5:5)
    at async meta (C:\Users\aliebware\Desktop\wang\server\node_modules\_egg@2.27.0@egg\app\middleware\meta.js:12:5)

pid: 10852
hostname: aliebware-PC

2020-07-28 14:22:50,062 ERROR 10852 [-/127.0.0.1/-/3ms POST /v1/order] nodejs.TypeError: Cannot read property 'count' of undefined
    at OperatingGoodsController.order (C:\Users\aliebware\Desktop\wang\server\app\controller\api\operatingGoods.js:197:34)
    at runMicrotasks (<anonymous>)
    at processTicksAndRejections (internal/process/task_queues.js:97:5)
    at async C:\Users\aliebware\Desktop\wang\server\app\middleware\isLogin.js:15:13
    at async C:\Users\aliebware\Desktop\wang\server\node_modules\_egg-development@2.5.0@egg-development\app\middleware\egg_loader_trace.js:9:50
    at async xframe (C:\Users\aliebware\Desktop\wang\server\node_modules\_egg-security@2.8.0@egg-security\lib\middlewares\xframe.js:7:5)
    at async xssProtection (C:\Users\aliebware\Desktop\wang\server\node_modules\_egg-security@2.8.0@egg-security\lib\middlewares\xssProtection.js:7:5)
    at async nosniff (C:\Users\aliebware\Desktop\wang\server\node_modules\_egg-security@2.8.0@egg-security\lib\middlewares\nosniff.js:8:5)
    at async noopen (C:\Users\aliebware\Desktop\wang\server\node_modules\_egg-security@2.8.0@egg-security\lib\middlewares\noopen.js:8:5)
    at async session (C:\Users\aliebware\Desktop\wang\server\node_modules\_koa-session@6.0.0@koa-session\index.js:41:7)
    at async bodyParser (C:\Users\aliebware\Desktop\wang\server\node_modules\_koa-bodyparser@4.3.0@koa-bodyparser\index.js:95:5)
    at async C:\Users\aliebware\Desktop\wang\server\node_modules\_koa-static-cache@5.1.3@koa-static-cache\index.js:39:63
    at async notfound (C:\Users\aliebware\Desktop\wang\server\node_modules\_egg@2.27.0@egg\app\middleware\notfound.js:5:5)
    at async meta (C:\Users\aliebware\Desktop\wang\server\node_modules\_egg@2.27.0@egg\app\middleware\meta.js:12:5)

pid: 10852
hostname: aliebware-PC

2020-07-28 14:23:13,268 ERROR 10852 [-/127.0.0.1/-/4ms POST /v1/order] nodejs.TypeError: Cannot read property 'count' of undefined
    at OperatingGoodsController.order (C:\Users\aliebware\Desktop\wang\server\app\controller\api\operatingGoods.js:197:34)
    at runMicrotasks (<anonymous>)
    at processTicksAndRejections (internal/process/task_queues.js:97:5)
    at async C:\Users\aliebware\Desktop\wang\server\app\middleware\isLogin.js:15:13
    at async C:\Users\aliebware\Desktop\wang\server\node_modules\_egg-development@2.5.0@egg-development\app\middleware\egg_loader_trace.js:9:50
    at async xframe (C:\Users\aliebware\Desktop\wang\server\node_modules\_egg-security@2.8.0@egg-security\lib\middlewares\xframe.js:7:5)
    at async xssProtection (C:\Users\aliebware\Desktop\wang\server\node_modules\_egg-security@2.8.0@egg-security\lib\middlewares\xssProtection.js:7:5)
    at async nosniff (C:\Users\aliebware\Desktop\wang\server\node_modules\_egg-security@2.8.0@egg-security\lib\middlewares\nosniff.js:8:5)
    at async noopen (C:\Users\aliebware\Desktop\wang\server\node_modules\_egg-security@2.8.0@egg-security\lib\middlewares\noopen.js:8:5)
    at async session (C:\Users\aliebware\Desktop\wang\server\node_modules\_koa-session@6.0.0@koa-session\index.js:41:7)
    at async bodyParser (C:\Users\aliebware\Desktop\wang\server\node_modules\_koa-bodyparser@4.3.0@koa-bodyparser\index.js:95:5)
    at async C:\Users\aliebware\Desktop\wang\server\node_modules\_koa-static-cache@5.1.3@koa-static-cache\index.js:39:63
    at async notfound (C:\Users\aliebware\Desktop\wang\server\node_modules\_egg@2.27.0@egg\app\middleware\notfound.js:5:5)
    at async meta (C:\Users\aliebware\Desktop\wang\server\node_modules\_egg@2.27.0@egg\app\middleware\meta.js:12:5)

pid: 10852
hostname: aliebware-PC

2020-07-28 14:23:49,270 ERROR 10852 [-/127.0.0.1/-/5ms POST /v1/order] nodejs.TypeError: Cannot read property 'count' of undefined
    at OperatingGoodsController.order (C:\Users\aliebware\Desktop\wang\server\app\controller\api\operatingGoods.js:197:34)
    at runMicrotasks (<anonymous>)
    at processTicksAndRejections (internal/process/task_queues.js:97:5)
    at async C:\Users\aliebware\Desktop\wang\server\app\middleware\isLogin.js:15:13
    at async C:\Users\aliebware\Desktop\wang\server\node_modules\_egg-development@2.5.0@egg-development\app\middleware\egg_loader_trace.js:9:50
    at async xframe (C:\Users\aliebware\Desktop\wang\server\node_modules\_egg-security@2.8.0@egg-security\lib\middlewares\xframe.js:7:5)
    at async xssProtection (C:\Users\aliebware\Desktop\wang\server\node_modules\_egg-security@2.8.0@egg-security\lib\middlewares\xssProtection.js:7:5)
    at async nosniff (C:\Users\aliebware\Desktop\wang\server\node_modules\_egg-security@2.8.0@egg-security\lib\middlewares\nosniff.js:8:5)
    at async noopen (C:\Users\aliebware\Desktop\wang\server\node_modules\_egg-security@2.8.0@egg-security\lib\middlewares\noopen.js:8:5)
    at async session (C:\Users\aliebware\Desktop\wang\server\node_modules\_koa-session@6.0.0@koa-session\index.js:41:7)
    at async bodyParser (C:\Users\aliebware\Desktop\wang\server\node_modules\_koa-bodyparser@4.3.0@koa-bodyparser\index.js:95:5)
    at async C:\Users\aliebware\Desktop\wang\server\node_modules\_koa-static-cache@5.1.3@koa-static-cache\index.js:39:63
    at async notfound (C:\Users\aliebware\Desktop\wang\server\node_modules\_egg@2.27.0@egg\app\middleware\notfound.js:5:5)
    at async meta (C:\Users\aliebware\Desktop\wang\server\node_modules\_egg@2.27.0@egg\app\middleware\meta.js:12:5)

pid: 10852
hostname: aliebware-PC

2020-07-28 14:24:05,828 ERROR 10852 [-/127.0.0.1/-/2ms POST /v1/order] nodejs.TypeError: Cannot read property 'count' of undefined
    at OperatingGoodsController.order (C:\Users\aliebware\Desktop\wang\server\app\controller\api\operatingGoods.js:197:34)
    at runMicrotasks (<anonymous>)
    at processTicksAndRejections (internal/process/task_queues.js:97:5)
    at async C:\Users\aliebware\Desktop\wang\server\app\middleware\isLogin.js:15:13
    at async C:\Users\aliebware\Desktop\wang\server\node_modules\_egg-development@2.5.0@egg-development\app\middleware\egg_loader_trace.js:9:50
    at async xframe (C:\Users\aliebware\Desktop\wang\server\node_modules\_egg-security@2.8.0@egg-security\lib\middlewares\xframe.js:7:5)
    at async xssProtection (C:\Users\aliebware\Desktop\wang\server\node_modules\_egg-security@2.8.0@egg-security\lib\middlewares\xssProtection.js:7:5)
    at async nosniff (C:\Users\aliebware\Desktop\wang\server\node_modules\_egg-security@2.8.0@egg-security\lib\middlewares\nosniff.js:8:5)
    at async noopen (C:\Users\aliebware\Desktop\wang\server\node_modules\_egg-security@2.8.0@egg-security\lib\middlewares\noopen.js:8:5)
    at async session (C:\Users\aliebware\Desktop\wang\server\node_modules\_koa-session@6.0.0@koa-session\index.js:41:7)
    at async bodyParser (C:\Users\aliebware\Desktop\wang\server\node_modules\_koa-bodyparser@4.3.0@koa-bodyparser\index.js:95:5)
    at async C:\Users\aliebware\Desktop\wang\server\node_modules\_koa-static-cache@5.1.3@koa-static-cache\index.js:39:63
    at async notfound (C:\Users\aliebware\Desktop\wang\server\node_modules\_egg@2.27.0@egg\app\middleware\notfound.js:5:5)
    at async meta (C:\Users\aliebware\Desktop\wang\server\node_modules\_egg@2.27.0@egg\app\middleware\meta.js:12:5)

pid: 10852
hostname: aliebware-PC

2020-07-28 14:25:22,842 ERROR 10852 [-/127.0.0.1/-/3ms POST /v1/order] nodejs.TypeError: Cannot read property 'count' of undefined
    at OperatingGoodsController.order (C:\Users\aliebware\Desktop\wang\server\app\controller\api\operatingGoods.js:197:34)
    at runMicrotasks (<anonymous>)
    at processTicksAndRejections (internal/process/task_queues.js:97:5)
    at async C:\Users\aliebware\Desktop\wang\server\app\middleware\isLogin.js:15:13
    at async C:\Users\aliebware\Desktop\wang\server\node_modules\_egg-development@2.5.0@egg-development\app\middleware\egg_loader_trace.js:9:50
    at async xframe (C:\Users\aliebware\Desktop\wang\server\node_modules\_egg-security@2.8.0@egg-security\lib\middlewares\xframe.js:7:5)
    at async xssProtection (C:\Users\aliebware\Desktop\wang\server\node_modules\_egg-security@2.8.0@egg-security\lib\middlewares\xssProtection.js:7:5)
    at async nosniff (C:\Users\aliebware\Desktop\wang\server\node_modules\_egg-security@2.8.0@egg-security\lib\middlewares\nosniff.js:8:5)
    at async noopen (C:\Users\aliebware\Desktop\wang\server\node_modules\_egg-security@2.8.0@egg-security\lib\middlewares\noopen.js:8:5)
    at async session (C:\Users\aliebware\Desktop\wang\server\node_modules\_koa-session@6.0.0@koa-session\index.js:41:7)
    at async bodyParser (C:\Users\aliebware\Desktop\wang\server\node_modules\_koa-bodyparser@4.3.0@koa-bodyparser\index.js:95:5)
    at async C:\Users\aliebware\Desktop\wang\server\node_modules\_koa-static-cache@5.1.3@koa-static-cache\index.js:39:63
    at async notfound (C:\Users\aliebware\Desktop\wang\server\node_modules\_egg@2.27.0@egg\app\middleware\notfound.js:5:5)
    at async meta (C:\Users\aliebware\Desktop\wang\server\node_modules\_egg@2.27.0@egg\app\middleware\meta.js:12:5)

pid: 10852
hostname: aliebware-PC

2020-07-28 14:26:02,122 ERROR 10852 [-/127.0.0.1/-/3ms POST /v1/order] nodejs.TypeError: Cannot read property 'count' of undefined
    at OperatingGoodsController.order (C:\Users\aliebware\Desktop\wang\server\app\controller\api\operatingGoods.js:197:34)
    at runMicrotasks (<anonymous>)
    at processTicksAndRejections (internal/process/task_queues.js:97:5)
    at async C:\Users\aliebware\Desktop\wang\server\app\middleware\isLogin.js:15:13
    at async C:\Users\aliebware\Desktop\wang\server\node_modules\_egg-development@2.5.0@egg-development\app\middleware\egg_loader_trace.js:9:50
    at async xframe (C:\Users\aliebware\Desktop\wang\server\node_modules\_egg-security@2.8.0@egg-security\lib\middlewares\xframe.js:7:5)
    at async xssProtection (C:\Users\aliebware\Desktop\wang\server\node_modules\_egg-security@2.8.0@egg-security\lib\middlewares\xssProtection.js:7:5)
    at async nosniff (C:\Users\aliebware\Desktop\wang\server\node_modules\_egg-security@2.8.0@egg-security\lib\middlewares\nosniff.js:8:5)
    at async noopen (C:\Users\aliebware\Desktop\wang\server\node_modules\_egg-security@2.8.0@egg-security\lib\middlewares\noopen.js:8:5)
    at async session (C:\Users\aliebware\Desktop\wang\server\node_modules\_koa-session@6.0.0@koa-session\index.js:41:7)
    at async bodyParser (C:\Users\aliebware\Desktop\wang\server\node_modules\_koa-bodyparser@4.3.0@koa-bodyparser\index.js:95:5)
    at async C:\Users\aliebware\Desktop\wang\server\node_modules\_koa-static-cache@5.1.3@koa-static-cache\index.js:39:63
    at async notfound (C:\Users\aliebware\Desktop\wang\server\node_modules\_egg@2.27.0@egg\app\middleware\notfound.js:5:5)
    at async meta (C:\Users\aliebware\Desktop\wang\server\node_modules\_egg@2.27.0@egg\app\middleware\meta.js:12:5)

pid: 10852
hostname: aliebware-PC

2020-07-29 12:07:36,220 ERROR 13568 [-/127.0.0.1/-/47ms POST /v1/goodsOne/comment] nodejs.TypeError: Cannot read property 'length' of undefined
    at OperatingGoodsController.comment (C:\Users\aliebware\Desktop\wang\server\app\controller\api\operatingGoods.js:247:24)
    at Object.callFn (C:\Users\aliebware\Desktop\wang\server\node_modules\_egg-core@4.17.4@egg-core\lib\utils\index.js:44:21)
    at Object.classControllerMiddleware (C:\Users\aliebware\Desktop\wang\server\node_modules\_egg-core@4.17.4@egg-core\lib\loader\mixin\controller.js:87:20)
    at Object.callFn (C:\Users\aliebware\Desktop\wang\server\node_modules\_@eggjs_router@2.0.0@@eggjs\router\lib\utils.js:12:21)
    at wrappedController (C:\Users\aliebware\Desktop\wang\server\node_modules\_@eggjs_router@2.0.0@@eggjs\router\lib\egg_router.js:322:18)
    at dispatch (C:\Users\aliebware\Desktop\wang\server\node_modules\_koa-compose@3.2.1@koa-compose\index.js:44:32)
    at next (C:\Users\aliebware\Desktop\wang\server\node_modules\_koa-compose@3.2.1@koa-compose\index.js:45:18)
    at C:\Users\aliebware\Desktop\wang\server\node_modules\_@eggjs_router@2.0.0@@eggjs\router\lib\router.js:190:18
    at dispatch (C:\Users\aliebware\Desktop\wang\server\node_modules\_koa-compose@3.2.1@koa-compose\index.js:44:32)
    at C:\Users\aliebware\Desktop\wang\server\node_modules\_koa-compose@3.2.1@koa-compose\index.js:36:12
    at dispatch (C:\Users\aliebware\Desktop\wang\server\node_modules\_@eggjs_router@2.0.0@@eggjs\router\lib\router.js:195:33)
    at dispatch (C:\Users\aliebware\Desktop\wang\server\node_modules\_koa-compose@4.1.0@koa-compose\index.js:42:32)
    at C:\Users\aliebware\Desktop\wang\server\app\middleware\isLogin.js:15:19
    at dispatch (C:\Users\aliebware\Desktop\wang\server\node_modules\_koa-compose@4.1.0@koa-compose\index.js:42:32)
    at C:\Users\aliebware\Desktop\wang\server\node_modules\_egg-development@2.5.0@egg-development\app\middleware\egg_loader_trace.js:9:56
    at dispatch (C:\Users\aliebware\Desktop\wang\server\node_modules\_koa-compose@4.1.0@koa-compose\index.js:42:32)

pid: 13568
hostname: aliebware-PC

2020-07-29 12:09:43,544 ERROR 13568 [-/127.0.0.1/-/467ms POST /v1/goodsOne/comment] nodejs.CastError: Cast to ObjectId failed for value "bdd9bd7f131843c59c7f9aabdb36f069" at path "_id" for model "OrderList"
    at model.Query.exec (C:\Users\aliebware\Desktop\wang\server\node_modules\_mongoose@5.9.25@mongoose\lib\query.js:4351:21)
    at model.Query.Query.then (C:\Users\aliebware\Desktop\wang\server\node_modules\_mongoose@5.9.25@mongoose\lib\query.js:4443:15)
    at runMicrotasks (<anonymous>)
    at processTicksAndRejections (internal/process/task_queues.js:97:5)
messageFormat: undefined
stringValue: "\"bdd9bd7f131843c59c7f9aabdb36f069\""
kind: "ObjectId"
value: "bdd9bd7f131843c59c7f9aabdb36f069"
path: "_id"
reason: {}
pid: 13568
hostname: aliebware-PC

2020-07-29 12:09:56,553 ERROR 13568 [-/127.0.0.1/-/8ms POST /v1/goodsOne/comment] nodejs.ValidationError: Comment validation failed: anonymous: Cast to Boolean failed for value "" at path "anonymous"
    at model.Document.invalidate (C:\Users\aliebware\Desktop\wang\server\node_modules\_mongoose@5.9.25@mongoose\lib\document.js:2575:32)
    at model.$set (C:\Users\aliebware\Desktop\wang\server\node_modules\_mongoose@5.9.25@mongoose\lib\document.js:1247:12)
    at model._handleIndex (C:\Users\aliebware\Desktop\wang\server\node_modules\_mongoose@5.9.25@mongoose\lib\document.js:980:14)
    at model.$set (C:\Users\aliebware\Desktop\wang\server\node_modules\_mongoose@5.9.25@mongoose\lib\document.js:921:22)
    at model.Document (C:\Users\aliebware\Desktop\wang\server\node_modules\_mongoose@5.9.25@mongoose\lib\document.js:140:12)
    at model.Model (C:\Users\aliebware\Desktop\wang\server\node_modules\_mongoose@5.9.25@mongoose\lib\model.js:106:12)
    at new model (C:\Users\aliebware\Desktop\wang\server\node_modules\_mongoose@5.9.25@mongoose\lib\model.js:4677:15)
    at OperatingGoodsController.comment (C:\Users\aliebware\Desktop\wang\server\app\controller\api\operatingGoods.js:262:25)
    at Object.callFn (C:\Users\aliebware\Desktop\wang\server\node_modules\_egg-core@4.17.4@egg-core\lib\utils\index.js:44:21)
    at Object.classControllerMiddleware (C:\Users\aliebware\Desktop\wang\server\node_modules\_egg-core@4.17.4@egg-core\lib\loader\mixin\controller.js:87:20)
    at Object.callFn (C:\Users\aliebware\Desktop\wang\server\node_modules\_@eggjs_router@2.0.0@@eggjs\router\lib\utils.js:12:21)
    at wrappedController (C:\Users\aliebware\Desktop\wang\server\node_modules\_@eggjs_router@2.0.0@@eggjs\router\lib\egg_router.js:322:18)
    at dispatch (C:\Users\aliebware\Desktop\wang\server\node_modules\_koa-compose@3.2.1@koa-compose\index.js:44:32)
    at next (C:\Users\aliebware\Desktop\wang\server\node_modules\_koa-compose@3.2.1@koa-compose\index.js:45:18)
    at C:\Users\aliebware\Desktop\wang\server\node_modules\_@eggjs_router@2.0.0@@eggjs\router\lib\router.js:190:18
    at dispatch (C:\Users\aliebware\Desktop\wang\server\node_modules\_koa-compose@3.2.1@koa-compose\index.js:44:32)
errors: {"anonymous":{"stringValue":"\"\"","kind":"Boolean","value":"","path":"anonymous","reason":{"stringValue":"\"\"","kind":"boolean","value":""}}}
_message: "Comment validation failed"
pid: 13568
hostname: aliebware-PC

2020-07-29 12:11:14,341 ERROR 13568 [-/127.0.0.1/-/6ms POST /v1/goodsOne/comment] nodejs.ValidationError: Comment validation failed: anonymous: Cast to Boolean failed for value "" at path "anonymous"
    at model.Document.invalidate (C:\Users\aliebware\Desktop\wang\server\node_modules\_mongoose@5.9.25@mongoose\lib\document.js:2575:32)
    at model.$set (C:\Users\aliebware\Desktop\wang\server\node_modules\_mongoose@5.9.25@mongoose\lib\document.js:1247:12)
    at model._handleIndex (C:\Users\aliebware\Desktop\wang\server\node_modules\_mongoose@5.9.25@mongoose\lib\document.js:980:14)
    at model.$set (C:\Users\aliebware\Desktop\wang\server\node_modules\_mongoose@5.9.25@mongoose\lib\document.js:921:22)
    at model.Document (C:\Users\aliebware\Desktop\wang\server\node_modules\_mongoose@5.9.25@mongoose\lib\document.js:140:12)
    at model.Model (C:\Users\aliebware\Desktop\wang\server\node_modules\_mongoose@5.9.25@mongoose\lib\model.js:106:12)
    at new model (C:\Users\aliebware\Desktop\wang\server\node_modules\_mongoose@5.9.25@mongoose\lib\model.js:4677:15)
    at OperatingGoodsController.comment (C:\Users\aliebware\Desktop\wang\server\app\controller\api\operatingGoods.js:262:25)
    at Object.callFn (C:\Users\aliebware\Desktop\wang\server\node_modules\_egg-core@4.17.4@egg-core\lib\utils\index.js:44:21)
    at Object.classControllerMiddleware (C:\Users\aliebware\Desktop\wang\server\node_modules\_egg-core@4.17.4@egg-core\lib\loader\mixin\controller.js:87:20)
    at Object.callFn (C:\Users\aliebware\Desktop\wang\server\node_modules\_@eggjs_router@2.0.0@@eggjs\router\lib\utils.js:12:21)
    at wrappedController (C:\Users\aliebware\Desktop\wang\server\node_modules\_@eggjs_router@2.0.0@@eggjs\router\lib\egg_router.js:322:18)
    at dispatch (C:\Users\aliebware\Desktop\wang\server\node_modules\_koa-compose@3.2.1@koa-compose\index.js:44:32)
    at next (C:\Users\aliebware\Desktop\wang\server\node_modules\_koa-compose@3.2.1@koa-compose\index.js:45:18)
    at C:\Users\aliebware\Desktop\wang\server\node_modules\_@eggjs_router@2.0.0@@eggjs\router\lib\router.js:190:18
    at dispatch (C:\Users\aliebware\Desktop\wang\server\node_modules\_koa-compose@3.2.1@koa-compose\index.js:44:32)
errors: {"anonymous":{"stringValue":"\"\"","kind":"Boolean","value":"","path":"anonymous","reason":{"stringValue":"\"\"","kind":"boolean","value":""}}}
_message: "Comment validation failed"
pid: 13568
hostname: aliebware-PC

2020-07-29 12:11:20,746 ERROR 13568 [-/127.0.0.1/-/4ms POST /v1/goodsOne/comment] nodejs.ValidationError: Comment validation failed: anonymous: Cast to Boolean failed for value "" at path "anonymous"
    at model.Document.invalidate (C:\Users\aliebware\Desktop\wang\server\node_modules\_mongoose@5.9.25@mongoose\lib\document.js:2575:32)
    at model.$set (C:\Users\aliebware\Desktop\wang\server\node_modules\_mongoose@5.9.25@mongoose\lib\document.js:1247:12)
    at model._handleIndex (C:\Users\aliebware\Desktop\wang\server\node_modules\_mongoose@5.9.25@mongoose\lib\document.js:980:14)
    at model.$set (C:\Users\aliebware\Desktop\wang\server\node_modules\_mongoose@5.9.25@mongoose\lib\document.js:921:22)
    at model.Document (C:\Users\aliebware\Desktop\wang\server\node_modules\_mongoose@5.9.25@mongoose\lib\document.js:140:12)
    at model.Model (C:\Users\aliebware\Desktop\wang\server\node_modules\_mongoose@5.9.25@mongoose\lib\model.js:106:12)
    at new model (C:\Users\aliebware\Desktop\wang\server\node_modules\_mongoose@5.9.25@mongoose\lib\model.js:4677:15)
    at OperatingGoodsController.comment (C:\Users\aliebware\Desktop\wang\server\app\controller\api\operatingGoods.js:262:25)
    at Object.callFn (C:\Users\aliebware\Desktop\wang\server\node_modules\_egg-core@4.17.4@egg-core\lib\utils\index.js:44:21)
    at Object.classControllerMiddleware (C:\Users\aliebware\Desktop\wang\server\node_modules\_egg-core@4.17.4@egg-core\lib\loader\mixin\controller.js:87:20)
    at Object.callFn (C:\Users\aliebware\Desktop\wang\server\node_modules\_@eggjs_router@2.0.0@@eggjs\router\lib\utils.js:12:21)
    at wrappedController (C:\Users\aliebware\Desktop\wang\server\node_modules\_@eggjs_router@2.0.0@@eggjs\router\lib\egg_router.js:322:18)
    at dispatch (C:\Users\aliebware\Desktop\wang\server\node_modules\_koa-compose@3.2.1@koa-compose\index.js:44:32)
    at next (C:\Users\aliebware\Desktop\wang\server\node_modules\_koa-compose@3.2.1@koa-compose\index.js:45:18)
    at C:\Users\aliebware\Desktop\wang\server\node_modules\_@eggjs_router@2.0.0@@eggjs\router\lib\router.js:190:18
    at dispatch (C:\Users\aliebware\Desktop\wang\server\node_modules\_koa-compose@3.2.1@koa-compose\index.js:44:32)
errors: {"anonymous":{"stringValue":"\"\"","kind":"Boolean","value":"","path":"anonymous","reason":{"stringValue":"\"\"","kind":"boolean","value":""}}}
_message: "Comment validation failed"
pid: 13568
hostname: aliebware-PC

2020-07-29 12:14:43,118 ERROR 13568 [-/127.0.0.1/-/3ms POST /v1/goodsOne/comment] nodejs.ValidationError: Comment validation failed: anonymous: Cast to Boolean failed for value "" at path "anonymous"
    at model.Document.invalidate (C:\Users\aliebware\Desktop\wang\server\node_modules\_mongoose@5.9.25@mongoose\lib\document.js:2575:32)
    at model.$set (C:\Users\aliebware\Desktop\wang\server\node_modules\_mongoose@5.9.25@mongoose\lib\document.js:1247:12)
    at model._handleIndex (C:\Users\aliebware\Desktop\wang\server\node_modules\_mongoose@5.9.25@mongoose\lib\document.js:980:14)
    at model.$set (C:\Users\aliebware\Desktop\wang\server\node_modules\_mongoose@5.9.25@mongoose\lib\document.js:921:22)
    at model.Document (C:\Users\aliebware\Desktop\wang\server\node_modules\_mongoose@5.9.25@mongoose\lib\document.js:140:12)
    at model.Model (C:\Users\aliebware\Desktop\wang\server\node_modules\_mongoose@5.9.25@mongoose\lib\model.js:106:12)
    at new model (C:\Users\aliebware\Desktop\wang\server\node_modules\_mongoose@5.9.25@mongoose\lib\model.js:4677:15)
    at OperatingGoodsController.comment (C:\Users\aliebware\Desktop\wang\server\app\controller\api\operatingGoods.js:262:25)
    at Object.callFn (C:\Users\aliebware\Desktop\wang\server\node_modules\_egg-core@4.17.4@egg-core\lib\utils\index.js:44:21)
    at Object.classControllerMiddleware (C:\Users\aliebware\Desktop\wang\server\node_modules\_egg-core@4.17.4@egg-core\lib\loader\mixin\controller.js:87:20)
    at Object.callFn (C:\Users\aliebware\Desktop\wang\server\node_modules\_@eggjs_router@2.0.0@@eggjs\router\lib\utils.js:12:21)
    at wrappedController (C:\Users\aliebware\Desktop\wang\server\node_modules\_@eggjs_router@2.0.0@@eggjs\router\lib\egg_router.js:322:18)
    at dispatch (C:\Users\aliebware\Desktop\wang\server\node_modules\_koa-compose@3.2.1@koa-compose\index.js:44:32)
    at next (C:\Users\aliebware\Desktop\wang\server\node_modules\_koa-compose@3.2.1@koa-compose\index.js:45:18)
    at C:\Users\aliebware\Desktop\wang\server\node_modules\_@eggjs_router@2.0.0@@eggjs\router\lib\router.js:190:18
    at dispatch (C:\Users\aliebware\Desktop\wang\server\node_modules\_koa-compose@3.2.1@koa-compose\index.js:44:32)
errors: {"anonymous":{"stringValue":"\"\"","kind":"Boolean","value":"","path":"anonymous","reason":{"stringValue":"\"\"","kind":"boolean","value":""}}}
_message: "Comment validation failed"
pid: 13568
hostname: aliebware-PC

2020-07-29 12:14:59,187 ERROR 13568 [-/127.0.0.1/-/5ms POST /v1/goodsOne/comment] nodejs.ValidationError: Comment validation failed: anonymous: Cast to Boolean failed for value "" at path "anonymous"
    at model.Document.invalidate (C:\Users\aliebware\Desktop\wang\server\node_modules\_mongoose@5.9.25@mongoose\lib\document.js:2575:32)
    at model.$set (C:\Users\aliebware\Desktop\wang\server\node_modules\_mongoose@5.9.25@mongoose\lib\document.js:1247:12)
    at model._handleIndex (C:\Users\aliebware\Desktop\wang\server\node_modules\_mongoose@5.9.25@mongoose\lib\document.js:980:14)
    at model.$set (C:\Users\aliebware\Desktop\wang\server\node_modules\_mongoose@5.9.25@mongoose\lib\document.js:921:22)
    at model.Document (C:\Users\aliebware\Desktop\wang\server\node_modules\_mongoose@5.9.25@mongoose\lib\document.js:140:12)
    at model.Model (C:\Users\aliebware\Desktop\wang\server\node_modules\_mongoose@5.9.25@mongoose\lib\model.js:106:12)
    at new model (C:\Users\aliebware\Desktop\wang\server\node_modules\_mongoose@5.9.25@mongoose\lib\model.js:4677:15)
    at OperatingGoodsController.comment (C:\Users\aliebware\Desktop\wang\server\app\controller\api\operatingGoods.js:262:25)
    at Object.callFn (C:\Users\aliebware\Desktop\wang\server\node_modules\_egg-core@4.17.4@egg-core\lib\utils\index.js:44:21)
    at Object.classControllerMiddleware (C:\Users\aliebware\Desktop\wang\server\node_modules\_egg-core@4.17.4@egg-core\lib\loader\mixin\controller.js:87:20)
    at Object.callFn (C:\Users\aliebware\Desktop\wang\server\node_modules\_@eggjs_router@2.0.0@@eggjs\router\lib\utils.js:12:21)
    at wrappedController (C:\Users\aliebware\Desktop\wang\server\node_modules\_@eggjs_router@2.0.0@@eggjs\router\lib\egg_router.js:322:18)
    at dispatch (C:\Users\aliebware\Desktop\wang\server\node_modules\_koa-compose@3.2.1@koa-compose\index.js:44:32)
    at next (C:\Users\aliebware\Desktop\wang\server\node_modules\_koa-compose@3.2.1@koa-compose\index.js:45:18)
    at C:\Users\aliebware\Desktop\wang\server\node_modules\_@eggjs_router@2.0.0@@eggjs\router\lib\router.js:190:18
    at dispatch (C:\Users\aliebware\Desktop\wang\server\node_modules\_koa-compose@3.2.1@koa-compose\index.js:44:32)
errors: {"anonymous":{"stringValue":"\"\"","kind":"Boolean","value":"","path":"anonymous","reason":{"stringValue":"\"\"","kind":"boolean","value":""}}}
_message: "Comment validation failed"
pid: 13568
hostname: aliebware-PC

2020-07-29 12:23:41,023 ERROR 13568 [-/127.0.0.1/-/2ms POST /v1/goodsOne/comment] nodejs.ValidationError: Comment validation failed: anonymous: Cast to Boolean failed for value "" at path "anonymous"
    at model.Document.invalidate (C:\Users\aliebware\Desktop\wang\server\node_modules\_mongoose@5.9.25@mongoose\lib\document.js:2575:32)
    at model.$set (C:\Users\aliebware\Desktop\wang\server\node_modules\_mongoose@5.9.25@mongoose\lib\document.js:1247:12)
    at model._handleIndex (C:\Users\aliebware\Desktop\wang\server\node_modules\_mongoose@5.9.25@mongoose\lib\document.js:980:14)
    at model.$set (C:\Users\aliebware\Desktop\wang\server\node_modules\_mongoose@5.9.25@mongoose\lib\document.js:921:22)
    at model.Document (C:\Users\aliebware\Desktop\wang\server\node_modules\_mongoose@5.9.25@mongoose\lib\document.js:140:12)
    at model.Model (C:\Users\aliebware\Desktop\wang\server\node_modules\_mongoose@5.9.25@mongoose\lib\model.js:106:12)
    at new model (C:\Users\aliebware\Desktop\wang\server\node_modules\_mongoose@5.9.25@mongoose\lib\model.js:4677:15)
    at OperatingGoodsController.comment (C:\Users\aliebware\Desktop\wang\server\app\controller\api\operatingGoods.js:262:25)
    at Object.callFn (C:\Users\aliebware\Desktop\wang\server\node_modules\_egg-core@4.17.4@egg-core\lib\utils\index.js:44:21)
    at Object.classControllerMiddleware (C:\Users\aliebware\Desktop\wang\server\node_modules\_egg-core@4.17.4@egg-core\lib\loader\mixin\controller.js:87:20)
    at Object.callFn (C:\Users\aliebware\Desktop\wang\server\node_modules\_@eggjs_router@2.0.0@@eggjs\router\lib\utils.js:12:21)
    at wrappedController (C:\Users\aliebware\Desktop\wang\server\node_modules\_@eggjs_router@2.0.0@@eggjs\router\lib\egg_router.js:322:18)
    at dispatch (C:\Users\aliebware\Desktop\wang\server\node_modules\_koa-compose@3.2.1@koa-compose\index.js:44:32)
    at next (C:\Users\aliebware\Desktop\wang\server\node_modules\_koa-compose@3.2.1@koa-compose\index.js:45:18)
    at C:\Users\aliebware\Desktop\wang\server\node_modules\_@eggjs_router@2.0.0@@eggjs\router\lib\router.js:190:18
    at dispatch (C:\Users\aliebware\Desktop\wang\server\node_modules\_koa-compose@3.2.1@koa-compose\index.js:44:32)
errors: {"anonymous":{"stringValue":"\"\"","kind":"Boolean","value":"","path":"anonymous","reason":{"stringValue":"\"\"","kind":"boolean","value":""}}}
_message: "Comment validation failed"
pid: 13568
hostname: aliebware-PC

2020-07-29 12:25:37,933 ERROR 13568 [-/127.0.0.1/-/6ms POST /v1/goodsOne/comment] nodejs.CastError: Cast to ObjectId failed for value "bdd9bd7f131843c59c7f9aabdb36f069" at path "_id" for model "OrderList"
    at model.Query.exec (C:\Users\aliebware\Desktop\wang\server\node_modules\_mongoose@5.9.25@mongoose\lib\query.js:4351:21)
    at model.Query.Query.then (C:\Users\aliebware\Desktop\wang\server\node_modules\_mongoose@5.9.25@mongoose\lib\query.js:4443:15)
    at runMicrotasks (<anonymous>)
    at processTicksAndRejections (internal/process/task_queues.js:97:5)
messageFormat: undefined
stringValue: "\"bdd9bd7f131843c59c7f9aabdb36f069\""
kind: "ObjectId"
value: "bdd9bd7f131843c59c7f9aabdb36f069"
path: "_id"
reason: {}
pid: 13568
hostname: aliebware-PC

2020-07-29 12:25:43,534 ERROR 13568 [-/127.0.0.1/-/9ms POST /v1/goodsOne/comment] nodejs.CastError: Cast to ObjectId failed for value "bdd9bd7f131843c59c7f9aabdb36f069" at path "_id" for model "OrderList"
    at model.Query.exec (C:\Users\aliebware\Desktop\wang\server\node_modules\_mongoose@5.9.25@mongoose\lib\query.js:4351:21)
    at model.Query.Query.then (C:\Users\aliebware\Desktop\wang\server\node_modules\_mongoose@5.9.25@mongoose\lib\query.js:4443:15)
    at runMicrotasks (<anonymous>)
    at processTicksAndRejections (internal/process/task_queues.js:97:5)
messageFormat: undefined
stringValue: "\"bdd9bd7f131843c59c7f9aabdb36f069\""
kind: "ObjectId"
value: "bdd9bd7f131843c59c7f9aabdb36f069"
path: "_id"
reason: {}
pid: 13568
hostname: aliebware-PC

2020-07-29 12:27:13,040 ERROR 13568 [-/127.0.0.1/-/5ms POST /v1/goodsOne/comment] nodejs.CastError: Cast to ObjectId failed for value "bdd9bd7f131843c59c7f9aabdb36f069" at path "_id" for model "OrderList"
    at model.Query.exec (C:\Users\aliebware\Desktop\wang\server\node_modules\_mongoose@5.9.25@mongoose\lib\query.js:4351:21)
    at model.Query.Query.then (C:\Users\aliebware\Desktop\wang\server\node_modules\_mongoose@5.9.25@mongoose\lib\query.js:4443:15)
    at runMicrotasks (<anonymous>)
    at processTicksAndRejections (internal/process/task_queues.js:97:5)
messageFormat: undefined
stringValue: "\"bdd9bd7f131843c59c7f9aabdb36f069\""
kind: "ObjectId"
value: "bdd9bd7f131843c59c7f9aabdb36f069"
path: "_id"
reason: {}
pid: 13568
hostname: aliebware-PC

2020-07-29 12:38:58,153 ERROR 13568 [-/127.0.0.1/-/7ms POST /v1/goodsOne/comment] nodejs.CastError: Cast to ObjectId failed for value "bdd9bd7f131843c59c7f9aabdb36f069" at path "_id" for model "OrderList"
    at model.Query.exec (C:\Users\aliebware\Desktop\wang\server\node_modules\_mongoose@5.9.25@mongoose\lib\query.js:4351:21)
    at model.Query.Query.then (C:\Users\aliebware\Desktop\wang\server\node_modules\_mongoose@5.9.25@mongoose\lib\query.js:4443:15)
    at runMicrotasks (<anonymous>)
    at processTicksAndRejections (internal/process/task_queues.js:97:5)
messageFormat: undefined
stringValue: "\"bdd9bd7f131843c59c7f9aabdb36f069\""
kind: "ObjectId"
value: "bdd9bd7f131843c59c7f9aabdb36f069"
path: "_id"
reason: {}
pid: 13568
hostname: aliebware-PC

2020-07-29 12:41:45,316 ERROR 13568 [-/127.0.0.1/-/7ms POST /v1/goodsOne/comment] nodejs.CastError: Cast to ObjectId failed for value "bdd9bd7f131843c59c7f9aabdb36f069" at path "_id" for model "OrderList"
    at model.Query.exec (C:\Users\aliebware\Desktop\wang\server\node_modules\_mongoose@5.9.25@mongoose\lib\query.js:4351:21)
    at model.Query.Query.then (C:\Users\aliebware\Desktop\wang\server\node_modules\_mongoose@5.9.25@mongoose\lib\query.js:4443:15)
    at runMicrotasks (<anonymous>)
    at processTicksAndRejections (internal/process/task_queues.js:97:5)
messageFormat: undefined
stringValue: "\"bdd9bd7f131843c59c7f9aabdb36f069\""
kind: "ObjectId"
value: "bdd9bd7f131843c59c7f9aabdb36f069"
path: "_id"
reason: {}
pid: 13568
hostname: aliebware-PC

2020-07-29 12:41:55,897 ERROR 13568 [-/127.0.0.1/-/9ms POST /v1/goodsOne/comment] nodejs.CastError: Cast to ObjectId failed for value "bdd9bd7f131843c59c7f9aabdb36f069" at path "_id" for model "OrderList"
    at model.Query.exec (C:\Users\aliebware\Desktop\wang\server\node_modules\_mongoose@5.9.25@mongoose\lib\query.js:4351:21)
    at model.Query.Query.then (C:\Users\aliebware\Desktop\wang\server\node_modules\_mongoose@5.9.25@mongoose\lib\query.js:4443:15)
    at runMicrotasks (<anonymous>)
    at processTicksAndRejections (internal/process/task_queues.js:97:5)
messageFormat: undefined
stringValue: "\"bdd9bd7f131843c59c7f9aabdb36f069\""
kind: "ObjectId"
value: "bdd9bd7f131843c59c7f9aabdb36f069"
path: "_id"
reason: {}
pid: 13568
hostname: aliebware-PC

2020-07-29 13:25:54,212 ERROR 4868 nodejs.ClusterClientNoResponseError: client no response in 401548ms exceeding maxIdleTime 60000ms, maybe the connection is close on other side.
    at Timeout._onTimeout (C:\Users\aliebware\Desktop\wang\server\node_modules\_cluster-client@3.0.1@cluster-client\lib\leader.js:77:23)
    at listOnTimeout (internal/timers.js:549:17)
    at processTimers (internal/timers.js:492:7)
name: "ClusterClientNoResponseError"
pid: 4868
hostname: aliebware-PC

2020-07-30 15:01:32,714 ERROR 8896 [-/127.0.0.1/-/10ms POST /v1/search] nodejs.CastError: Cast to string failed for value "{ isTrusted: true }" at path "name" for model "Goods"
    at model.Query.exec (C:\Users\aliebware\Desktop\wang\server\node_modules\_mongoose@5.9.25@mongoose\lib\query.js:4351:21)
    at model.Query.Query.then (C:\Users\aliebware\Desktop\wang\server\node_modules\_mongoose@5.9.25@mongoose\lib\query.js:4443:15)
    at runMicrotasks (<anonymous>)
    at processTicksAndRejections (internal/process/task_queues.js:97:5)
messageFormat: undefined
stringValue: "\"{ isTrusted: true }\""
kind: "string"
value: {"isTrusted":true}
path: "name"
reason: null
pid: 8896
hostname: aliebware-PC

2020-07-30 15:01:35,802 ERROR 8896 [-/127.0.0.1/-/3ms POST /v1/search] nodejs.CastError: Cast to string failed for value "{ isTrusted: true }" at path "name" for model "Goods"
    at model.Query.exec (C:\Users\aliebware\Desktop\wang\server\node_modules\_mongoose@5.9.25@mongoose\lib\query.js:4351:21)
    at model.Query.Query.then (C:\Users\aliebware\Desktop\wang\server\node_modules\_mongoose@5.9.25@mongoose\lib\query.js:4443:15)
    at runMicrotasks (<anonymous>)
    at processTicksAndRejections (internal/process/task_queues.js:97:5)
messageFormat: undefined
stringValue: "\"{ isTrusted: true }\""
kind: "string"
value: {"isTrusted":true}
path: "name"
reason: null
pid: 8896
hostname: aliebware-PC

2020-07-30 15:03:00,339 ERROR 8896 [-/127.0.0.1/-/1ms POST /v1/search] nodejs.CastError: Cast to string failed for value "{ isTrusted: true }" at path "name" for model "Goods"
    at model.Query.exec (C:\Users\aliebware\Desktop\wang\server\node_modules\_mongoose@5.9.25@mongoose\lib\query.js:4351:21)
    at model.Query.Query.then (C:\Users\aliebware\Desktop\wang\server\node_modules\_mongoose@5.9.25@mongoose\lib\query.js:4443:15)
    at runMicrotasks (<anonymous>)
    at processTicksAndRejections (internal/process/task_queues.js:97:5)
messageFormat: undefined
stringValue: "\"{ isTrusted: true }\""
kind: "string"
value: {"isTrusted":true}
path: "name"
reason: null
pid: 8896
hostname: aliebware-PC

2020-07-30 15:03:02,865 ERROR 8896 [-/127.0.0.1/-/3ms POST /v1/search] nodejs.CastError: Cast to string failed for value "{ isTrusted: true }" at path "name" for model "Goods"
    at model.Query.exec (C:\Users\aliebware\Desktop\wang\server\node_modules\_mongoose@5.9.25@mongoose\lib\query.js:4351:21)
    at model.Query.Query.then (C:\Users\aliebware\Desktop\wang\server\node_modules\_mongoose@5.9.25@mongoose\lib\query.js:4443:15)
    at runMicrotasks (<anonymous>)
    at processTicksAndRejections (internal/process/task_queues.js:97:5)
messageFormat: undefined
stringValue: "\"{ isTrusted: true }\""
kind: "string"
value: {"isTrusted":true}
path: "name"
reason: null
pid: 8896
hostname: aliebware-PC

2020-07-30 15:04:31,844 ERROR 8896 [-/127.0.0.1/-/2ms POST /v1/search] nodejs.CastError: Cast to string failed for value "{ isTrusted: true }" at path "name" for model "Goods"
    at model.Query.exec (C:\Users\aliebware\Desktop\wang\server\node_modules\_mongoose@5.9.25@mongoose\lib\query.js:4351:21)
    at model.Query.Query.then (C:\Users\aliebware\Desktop\wang\server\node_modules\_mongoose@5.9.25@mongoose\lib\query.js:4443:15)
    at runMicrotasks (<anonymous>)
    at processTicksAndRejections (internal/process/task_queues.js:97:5)
messageFormat: undefined
stringValue: "\"{ isTrusted: true }\""
kind: "string"
value: {"isTrusted":true}
path: "name"
reason: null
pid: 8896
hostname: aliebware-PC

2020-08-03 11:30:13,677 ERROR 6248 [-/127.0.0.1/-/3ms POST /v1/search] nodejs.CastError: Cast to string failed for value "{ isTrusted: true }" at path "name" for model "Goods"
    at model.Query.exec (C:\Users\aliebware\Desktop\wang\server\node_modules\_mongoose@5.9.25@mongoose\lib\query.js:4351:21)
    at model.Query.Query.then (C:\Users\aliebware\Desktop\wang\server\node_modules\_mongoose@5.9.25@mongoose\lib\query.js:4443:15)
    at runMicrotasks (<anonymous>)
    at processTicksAndRejections (internal/process/task_queues.js:97:5)
messageFormat: undefined
stringValue: "\"{ isTrusted: true }\""
kind: "string"
value: {"isTrusted":true}
path: "name"
reason: null
pid: 6248
hostname: aliebware-PC

2020-08-03 11:30:16,969 ERROR 6248 [-/127.0.0.1/-/1ms POST /v1/search] nodejs.CastError: Cast to string failed for value "{ isTrusted: true }" at path "name" for model "Goods"
    at model.Query.exec (C:\Users\aliebware\Desktop\wang\server\node_modules\_mongoose@5.9.25@mongoose\lib\query.js:4351:21)
    at model.Query.Query.then (C:\Users\aliebware\Desktop\wang\server\node_modules\_mongoose@5.9.25@mongoose\lib\query.js:4443:15)
    at runMicrotasks (<anonymous>)
    at processTicksAndRejections (internal/process/task_queues.js:97:5)
messageFormat: undefined
stringValue: "\"{ isTrusted: true }\""
kind: "string"
value: {"isTrusted":true}
path: "name"
reason: null
pid: 6248
hostname: aliebware-PC

2020-08-04 13:30:12,618 ERROR 11648 nodejs.ClusterClientNoResponseError: client no response in 5077163ms exceeding maxIdleTime 60000ms, maybe the connection is close on other side.
    at Timeout._onTimeout (C:\Users\aliebware\Desktop\wang\server\node_modules\_cluster-client@3.0.1@cluster-client\lib\leader.js:77:23)
    at listOnTimeout (internal/timers.js:549:17)
    at processTimers (internal/timers.js:492:7)
name: "ClusterClientNoResponseError"
pid: 11648
hostname: aliebware-PC

