2020-07-27 08:45:33,638 INFO 2184 [egg-schedule]: register schedule C:\Users\aliebware\Desktop\wang\server\node_modules\_egg-multipart@2.10.3@egg-multipart\app\schedule\clean_tmpdir.js
2020-07-27 08:45:33,638 INFO 2184 [egg-schedule]: register schedule C:\Users\aliebware\Desktop\wang\server\node_modules\_egg-logrotator@3.1.0@egg-logrotator\app\schedule\clean_log.js
2020-07-27 08:45:33,638 INFO 2184 [egg-schedule]: register schedule C:\Users\aliebware\Desktop\wang\server\node_modules\_egg-logrotator@3.1.0@egg-logrotator\app\schedule\rotate_by_file.js
2020-07-27 08:45:38,357 INFO 3576 [Timer] C:\Users\aliebware\Desktop\wang\server\node_modules\_egg-multipart@2.10.3@egg-multipart\app\schedule\clean_tmpdir.js next time will execute after 71061645ms at 2020-07-28 04:30:00.002
2020-07-27 08:45:38,357 INFO 3576 [Timer] C:\Users\aliebware\Desktop\wang\server\node_modules\_egg-logrotator@3.1.0@egg-logrotator\app\schedule\clean_log.js next time will execute after 54861643ms at 2020-07-28 00:00:00.000
2020-07-27 08:45:38,358 INFO 3576 [Timer] C:\Users\aliebware\Desktop\wang\server\node_modules\_egg-logrotator@3.1.0@egg-logrotator\app\schedule\rotate_by_file.js next time will execute after 54862643ms at 2020-07-28 00:00:01.001
2020-07-28 08:36:26,158 INFO 10852 [egg-schedule]: register schedule C:\Users\aliebware\Desktop\wang\server\node_modules\_egg-multipart@2.10.3@egg-multipart\app\schedule\clean_tmpdir.js
2020-07-28 08:36:26,158 INFO 10852 [egg-schedule]: register schedule C:\Users\aliebware\Desktop\wang\server\node_modules\_egg-logrotator@3.1.0@egg-logrotator\app\schedule\clean_log.js
2020-07-28 08:36:26,158 INFO 10852 [egg-schedule]: register schedule C:\Users\aliebware\Desktop\wang\server\node_modules\_egg-logrotator@3.1.0@egg-logrotator\app\schedule\rotate_by_file.js
2020-07-28 08:36:30,534 INFO 8420 [Timer] C:\Users\aliebware\Desktop\wang\server\node_modules\_egg-multipart@2.10.3@egg-multipart\app\schedule\clean_tmpdir.js next time will execute after 71609468ms at 2020-07-29 04:30:00.002
2020-07-28 08:36:30,534 INFO 8420 [Timer] C:\Users\aliebware\Desktop\wang\server\node_modules\_egg-logrotator@3.1.0@egg-logrotator\app\schedule\clean_log.js next time will execute after 55409466ms at 2020-07-29 00:00:00.000
2020-07-28 08:36:30,535 INFO 8420 [Timer] C:\Users\aliebware\Desktop\wang\server\node_modules\_egg-logrotator@3.1.0@egg-logrotator\app\schedule\rotate_by_file.js next time will execute after 55410466ms at 2020-07-29 00:00:01.001
2020-07-29 08:50:52,092 INFO 5508 [egg-schedule]: register schedule C:\Users\aliebware\Desktop\wang\server\node_modules\_egg-multipart@2.10.3@egg-multipart\app\schedule\clean_tmpdir.js
2020-07-29 08:50:52,092 INFO 5508 [egg-schedule]: register schedule C:\Users\aliebware\Desktop\wang\server\node_modules\_egg-logrotator@3.1.0@egg-logrotator\app\schedule\clean_log.js
2020-07-29 08:50:52,092 INFO 5508 [egg-schedule]: register schedule C:\Users\aliebware\Desktop\wang\server\node_modules\_egg-logrotator@3.1.0@egg-logrotator\app\schedule\rotate_by_file.js
2020-07-29 08:51:01,607 INFO 3872 [Timer] C:\Users\aliebware\Desktop\wang\server\node_modules\_egg-multipart@2.10.3@egg-multipart\app\schedule\clean_tmpdir.js next time will execute after 70738397ms at 2020-07-30 04:30:00.004
2020-07-29 08:51:01,607 INFO 3872 [Timer] C:\Users\aliebware\Desktop\wang\server\node_modules\_egg-logrotator@3.1.0@egg-logrotator\app\schedule\clean_log.js next time will execute after 54538393ms at 2020-07-30 00:00:00.000
2020-07-29 08:51:01,608 INFO 3872 [Timer] C:\Users\aliebware\Desktop\wang\server\node_modules\_egg-logrotator@3.1.0@egg-logrotator\app\schedule\rotate_by_file.js next time will execute after 54539393ms at 2020-07-30 00:00:01.001
2020-07-29 10:12:33,987 INFO 13568 [egg-schedule]: register schedule C:\Users\aliebware\Desktop\wang\server\node_modules\_egg-multipart@2.10.3@egg-multipart\app\schedule\clean_tmpdir.js
2020-07-29 10:12:33,987 INFO 13568 [egg-schedule]: register schedule C:\Users\aliebware\Desktop\wang\server\node_modules\_egg-logrotator@3.1.0@egg-logrotator\app\schedule\clean_log.js
2020-07-29 10:12:33,987 INFO 13568 [egg-schedule]: register schedule C:\Users\aliebware\Desktop\wang\server\node_modules\_egg-logrotator@3.1.0@egg-logrotator\app\schedule\rotate_by_file.js
2020-07-29 10:12:38,621 INFO 4868 [Timer] C:\Users\aliebware\Desktop\wang\server\node_modules\_egg-multipart@2.10.3@egg-multipart\app\schedule\clean_tmpdir.js next time will execute after 65841382ms at 2020-07-30 04:30:00.003
2020-07-29 10:12:38,621 INFO 4868 [Timer] C:\Users\aliebware\Desktop\wang\server\node_modules\_egg-logrotator@3.1.0@egg-logrotator\app\schedule\clean_log.js next time will execute after 49641379ms at 2020-07-30 00:00:00.000
2020-07-29 10:12:38,621 INFO 4868 [Timer] C:\Users\aliebware\Desktop\wang\server\node_modules\_egg-logrotator@3.1.0@egg-logrotator\app\schedule\rotate_by_file.js next time will execute after 49642379ms at 2020-07-30 00:00:01.000
2020-07-30 08:45:37,926 INFO 8896 [egg-schedule]: register schedule C:\Users\aliebware\Desktop\wang\server\node_modules\_egg-multipart@2.10.3@egg-multipart\app\schedule\clean_tmpdir.js
2020-07-30 08:45:37,926 INFO 8896 [egg-schedule]: register schedule C:\Users\aliebware\Desktop\wang\server\node_modules\_egg-logrotator@3.1.0@egg-logrotator\app\schedule\clean_log.js
2020-07-30 08:45:37,926 INFO 8896 [egg-schedule]: register schedule C:\Users\aliebware\Desktop\wang\server\node_modules\_egg-logrotator@3.1.0@egg-logrotator\app\schedule\rotate_by_file.js
2020-07-30 08:45:42,769 INFO 6236 [Timer] C:\Users\aliebware\Desktop\wang\server\node_modules\_egg-multipart@2.10.3@egg-multipart\app\schedule\clean_tmpdir.js next time will execute after 71057234ms at 2020-07-31 04:30:00.003
2020-07-30 08:45:42,769 INFO 6236 [Timer] C:\Users\aliebware\Desktop\wang\server\node_modules\_egg-logrotator@3.1.0@egg-logrotator\app\schedule\clean_log.js next time will execute after 54857231ms at 2020-07-31 00:00:00.000
2020-07-30 08:45:42,769 INFO 6236 [Timer] C:\Users\aliebware\Desktop\wang\server\node_modules\_egg-logrotator@3.1.0@egg-logrotator\app\schedule\rotate_by_file.js next time will execute after 54858231ms at 2020-07-31 00:00:01.000
2020-08-02 14:37:09,173 INFO 1492 [egg-schedule]: register schedule C:\Users\aliebware\Desktop\wang\server\node_modules\_egg-multipart@2.10.3@egg-multipart\app\schedule\clean_tmpdir.js
2020-08-02 14:37:09,173 INFO 1492 [egg-schedule]: register schedule C:\Users\aliebware\Desktop\wang\server\node_modules\_egg-logrotator@3.1.0@egg-logrotator\app\schedule\clean_log.js
2020-08-02 14:37:09,173 INFO 1492 [egg-schedule]: register schedule C:\Users\aliebware\Desktop\wang\server\node_modules\_egg-logrotator@3.1.0@egg-logrotator\app\schedule\rotate_by_file.js
2020-08-02 14:37:15,473 INFO 12344 [Timer] C:\Users\aliebware\Desktop\wang\server\node_modules\_egg-multipart@2.10.3@egg-multipart\app\schedule\clean_tmpdir.js next time will execute after 49964530ms at 2020-08-03 04:30:00.003
2020-08-02 14:37:15,473 INFO 12344 [Timer] C:\Users\aliebware\Desktop\wang\server\node_modules\_egg-logrotator@3.1.0@egg-logrotator\app\schedule\clean_log.js next time will execute after 33764527ms at 2020-08-03 00:00:00.000
2020-08-02 14:37:15,474 INFO 12344 [Timer] C:\Users\aliebware\Desktop\wang\server\node_modules\_egg-logrotator@3.1.0@egg-logrotator\app\schedule\rotate_by_file.js next time will execute after 33765527ms at 2020-08-03 00:00:01.001
2020-08-03 08:47:48,686 INFO 6248 [egg-schedule]: register schedule C:\Users\aliebware\Desktop\wang\server\node_modules\_egg-multipart@2.10.3@egg-multipart\app\schedule\clean_tmpdir.js
2020-08-03 08:47:48,686 INFO 6248 [egg-schedule]: register schedule C:\Users\aliebware\Desktop\wang\server\node_modules\_egg-logrotator@3.1.0@egg-logrotator\app\schedule\clean_log.js
2020-08-03 08:47:48,686 INFO 6248 [egg-schedule]: register schedule C:\Users\aliebware\Desktop\wang\server\node_modules\_egg-logrotator@3.1.0@egg-logrotator\app\schedule\rotate_by_file.js
2020-08-03 08:47:57,630 INFO 5220 [Timer] C:\Users\aliebware\Desktop\wang\server\node_modules\_egg-multipart@2.10.3@egg-multipart\app\schedule\clean_tmpdir.js next time will execute after 70922373ms at 2020-08-04 04:30:00.003
2020-08-03 08:47:57,630 INFO 5220 [Timer] C:\Users\aliebware\Desktop\wang\server\node_modules\_egg-logrotator@3.1.0@egg-logrotator\app\schedule\clean_log.js next time will execute after 54722370ms at 2020-08-04 00:00:00.000
2020-08-03 08:47:57,630 INFO 5220 [Timer] C:\Users\aliebware\Desktop\wang\server\node_modules\_egg-logrotator@3.1.0@egg-logrotator\app\schedule\rotate_by_file.js next time will execute after 54723370ms at 2020-08-04 00:00:01.000
2020-08-04 08:40:30,644 INFO 9692 [egg-schedule]: register schedule C:\Users\aliebware\Desktop\wang\server\node_modules\_egg-multipart@2.10.3@egg-multipart\app\schedule\clean_tmpdir.js
2020-08-04 08:40:30,644 INFO 9692 [egg-schedule]: register schedule C:\Users\aliebware\Desktop\wang\server\node_modules\_egg-logrotator@3.1.0@egg-logrotator\app\schedule\clean_log.js
2020-08-04 08:40:30,644 INFO 9692 [egg-schedule]: register schedule C:\Users\aliebware\Desktop\wang\server\node_modules\_egg-logrotator@3.1.0@egg-logrotator\app\schedule\rotate_by_file.js
2020-08-04 08:40:48,146 INFO 1476 [Timer] C:\Users\aliebware\Desktop\wang\server\node_modules\_egg-multipart@2.10.3@egg-multipart\app\schedule\clean_tmpdir.js next time will execute after 71351856ms at 2020-08-05 04:30:00.002
2020-08-04 08:40:48,146 INFO 1476 [Timer] C:\Users\aliebware\Desktop\wang\server\node_modules\_egg-logrotator@3.1.0@egg-logrotator\app\schedule\clean_log.js next time will execute after 55151854ms at 2020-08-05 00:00:00.000
2020-08-04 08:40:48,147 INFO 1476 [Timer] C:\Users\aliebware\Desktop\wang\server\node_modules\_egg-logrotator@3.1.0@egg-logrotator\app\schedule\rotate_by_file.js next time will execute after 55152854ms at 2020-08-05 00:00:01.001
2020-08-04 09:07:27,919 INFO 12304 [egg-schedule]: register schedule C:\Users\aliebware\Desktop\wang\server\node_modules\_egg-multipart@2.10.3@egg-multipart\app\schedule\clean_tmpdir.js
2020-08-04 09:07:27,919 INFO 12304 [egg-schedule]: register schedule C:\Users\aliebware\Desktop\wang\server\node_modules\_egg-logrotator@3.1.0@egg-logrotator\app\schedule\clean_log.js
2020-08-04 09:07:27,919 INFO 12304 [egg-schedule]: register schedule C:\Users\aliebware\Desktop\wang\server\node_modules\_egg-logrotator@3.1.0@egg-logrotator\app\schedule\rotate_by_file.js
2020-08-04 09:07:28,817 INFO 11648 [Timer] C:\Users\aliebware\Desktop\wang\server\node_modules\_egg-multipart@2.10.3@egg-multipart\app\schedule\clean_tmpdir.js next time will execute after 69751185ms at 2020-08-05 04:30:00.002
2020-08-04 09:07:28,817 INFO 11648 [Timer] C:\Users\aliebware\Desktop\wang\server\node_modules\_egg-logrotator@3.1.0@egg-logrotator\app\schedule\clean_log.js next time will execute after 53551183ms at 2020-08-05 00:00:00.000
2020-08-04 09:07:28,818 INFO 11648 [Timer] C:\Users\aliebware\Desktop\wang\server\node_modules\_egg-logrotator@3.1.0@egg-logrotator\app\schedule\rotate_by_file.js next time will execute after 53552183ms at 2020-08-05 00:00:01.001
