2020-07-28 14:22:35,091 ERROR 10852 [-/127.0.0.1/-/110ms POST /v1/order] nodejs.TypeError: Cannot read property 'count' of undefined
    at OperatingGoodsController.order (C:\Users\aliebware\Desktop\wang\server\app\controller\api\operatingGoods.js:197:34)
    at runMicrotasks (<anonymous>)
    at processTicksAndRejections (internal/process/task_queues.js:97:5)
    at async C:\Users\aliebware\Desktop\wang\server\app\middleware\isLogin.js:15:13
    at async C:\Users\aliebware\Desktop\wang\server\node_modules\_egg-development@2.5.0@egg-development\app\middleware\egg_loader_trace.js:9:50
    at async xframe (C:\Users\aliebware\Desktop\wang\server\node_modules\_egg-security@2.8.0@egg-security\lib\middlewares\xframe.js:7:5)
    at async xssProtection (C:\Users\aliebware\Desktop\wang\server\node_modules\_egg-security@2.8.0@egg-security\lib\middlewares\xssProtection.js:7:5)
    at async nosniff (C:\Users\aliebware\Desktop\wang\server\node_modules\_egg-security@2.8.0@egg-security\lib\middlewares\nosniff.js:8:5)
    at async noopen (C:\Users\aliebware\Desktop\wang\server\node_modules\_egg-security@2.8.0@egg-security\lib\middlewares\noopen.js:8:5)
    at async session (C:\Users\aliebware\Desktop\wang\server\node_modules\_koa-session@6.0.0@koa-session\index.js:41:7)
    at async bodyParser (C:\Users\aliebware\Desktop\wang\server\node_modules\_koa-bodyparser@4.3.0@koa-bodyparser\index.js:95:5)
    at async C:\Users\aliebware\Desktop\wang\server\node_modules\_koa-static-cache@5.1.3@koa-static-cache\index.js:39:63
    at async notfound (C:\Users\aliebware\Desktop\wang\server\node_modules\_egg@2.27.0@egg\app\middleware\notfound.js:5:5)
    at async meta (C:\Users\aliebware\Desktop\wang\server\node_modules\_egg@2.27.0@egg\app\middleware\meta.js:12:5)

pid: 10852
hostname: aliebware-PC

2020-07-28 14:22:50,063 ERROR 10852 [-/127.0.0.1/-/3ms POST /v1/order] nodejs.TypeError: Cannot read property 'count' of undefined
    at OperatingGoodsController.order (C:\Users\aliebware\Desktop\wang\server\app\controller\api\operatingGoods.js:197:34)
    at runMicrotasks (<anonymous>)
    at processTicksAndRejections (internal/process/task_queues.js:97:5)
    at async C:\Users\aliebware\Desktop\wang\server\app\middleware\isLogin.js:15:13
    at async C:\Users\aliebware\Desktop\wang\server\node_modules\_egg-development@2.5.0@egg-development\app\middleware\egg_loader_trace.js:9:50
    at async xframe (C:\Users\aliebware\Desktop\wang\server\node_modules\_egg-security@2.8.0@egg-security\lib\middlewares\xframe.js:7:5)
    at async xssProtection (C:\Users\aliebware\Desktop\wang\server\node_modules\_egg-security@2.8.0@egg-security\lib\middlewares\xssProtection.js:7:5)
    at async nosniff (C:\Users\aliebware\Desktop\wang\server\node_modules\_egg-security@2.8.0@egg-security\lib\middlewares\nosniff.js:8:5)
    at async noopen (C:\Users\aliebware\Desktop\wang\server\node_modules\_egg-security@2.8.0@egg-security\lib\middlewares\noopen.js:8:5)
    at async session (C:\Users\aliebware\Desktop\wang\server\node_modules\_koa-session@6.0.0@koa-session\index.js:41:7)
    at async bodyParser (C:\Users\aliebware\Desktop\wang\server\node_modules\_koa-bodyparser@4.3.0@koa-bodyparser\index.js:95:5)
    at async C:\Users\aliebware\Desktop\wang\server\node_modules\_koa-static-cache@5.1.3@koa-static-cache\index.js:39:63
    at async notfound (C:\Users\aliebware\Desktop\wang\server\node_modules\_egg@2.27.0@egg\app\middleware\notfound.js:5:5)
    at async meta (C:\Users\aliebware\Desktop\wang\server\node_modules\_egg@2.27.0@egg\app\middleware\meta.js:12:5)

pid: 10852
hostname: aliebware-PC

2020-07-28 14:23:13,270 ERROR 10852 [-/127.0.0.1/-/4ms POST /v1/order] nodejs.TypeError: Cannot read property 'count' of undefined
    at OperatingGoodsController.order (C:\Users\aliebware\Desktop\wang\server\app\controller\api\operatingGoods.js:197:34)
    at runMicrotasks (<anonymous>)
    at processTicksAndRejections (internal/process/task_queues.js:97:5)
    at async C:\Users\aliebware\Desktop\wang\server\app\middleware\isLogin.js:15:13
    at async C:\Users\aliebware\Desktop\wang\server\node_modules\_egg-development@2.5.0@egg-development\app\middleware\egg_loader_trace.js:9:50
    at async xframe (C:\Users\aliebware\Desktop\wang\server\node_modules\_egg-security@2.8.0@egg-security\lib\middlewares\xframe.js:7:5)
    at async xssProtection (C:\Users\aliebware\Desktop\wang\server\node_modules\_egg-security@2.8.0@egg-security\lib\middlewares\xssProtection.js:7:5)
    at async nosniff (C:\Users\aliebware\Desktop\wang\server\node_modules\_egg-security@2.8.0@egg-security\lib\middlewares\nosniff.js:8:5)
    at async noopen (C:\Users\aliebware\Desktop\wang\server\node_modules\_egg-security@2.8.0@egg-security\lib\middlewares\noopen.js:8:5)
    at async session (C:\Users\aliebware\Desktop\wang\server\node_modules\_koa-session@6.0.0@koa-session\index.js:41:7)
    at async bodyParser (C:\Users\aliebware\Desktop\wang\server\node_modules\_koa-bodyparser@4.3.0@koa-bodyparser\index.js:95:5)
    at async C:\Users\aliebware\Desktop\wang\server\node_modules\_koa-static-cache@5.1.3@koa-static-cache\index.js:39:63
    at async notfound (C:\Users\aliebware\Desktop\wang\server\node_modules\_egg@2.27.0@egg\app\middleware\notfound.js:5:5)
    at async meta (C:\Users\aliebware\Desktop\wang\server\node_modules\_egg@2.27.0@egg\app\middleware\meta.js:12:5)

pid: 10852
hostname: aliebware-PC

2020-07-28 14:23:49,271 ERROR 10852 [-/127.0.0.1/-/5ms POST /v1/order] nodejs.TypeError: Cannot read property 'count' of undefined
    at OperatingGoodsController.order (C:\Users\aliebware\Desktop\wang\server\app\controller\api\operatingGoods.js:197:34)
    at runMicrotasks (<anonymous>)
    at processTicksAndRejections (internal/process/task_queues.js:97:5)
    at async C:\Users\aliebware\Desktop\wang\server\app\middleware\isLogin.js:15:13
    at async C:\Users\aliebware\Desktop\wang\server\node_modules\_egg-development@2.5.0@egg-development\app\middleware\egg_loader_trace.js:9:50
    at async xframe (C:\Users\aliebware\Desktop\wang\server\node_modules\_egg-security@2.8.0@egg-security\lib\middlewares\xframe.js:7:5)
    at async xssProtection (C:\Users\aliebware\Desktop\wang\server\node_modules\_egg-security@2.8.0@egg-security\lib\middlewares\xssProtection.js:7:5)
    at async nosniff (C:\Users\aliebware\Desktop\wang\server\node_modules\_egg-security@2.8.0@egg-security\lib\middlewares\nosniff.js:8:5)
    at async noopen (C:\Users\aliebware\Desktop\wang\server\node_modules\_egg-security@2.8.0@egg-security\lib\middlewares\noopen.js:8:5)
    at async session (C:\Users\aliebware\Desktop\wang\server\node_modules\_koa-session@6.0.0@koa-session\index.js:41:7)
    at async bodyParser (C:\Users\aliebware\Desktop\wang\server\node_modules\_koa-bodyparser@4.3.0@koa-bodyparser\index.js:95:5)
    at async C:\Users\aliebware\Desktop\wang\server\node_modules\_koa-static-cache@5.1.3@koa-static-cache\index.js:39:63
    at async notfound (C:\Users\aliebware\Desktop\wang\server\node_modules\_egg@2.27.0@egg\app\middleware\notfound.js:5:5)
    at async meta (C:\Users\aliebware\Desktop\wang\server\node_modules\_egg@2.27.0@egg\app\middleware\meta.js:12:5)

pid: 10852
hostname: aliebware-PC

2020-07-28 14:24:05,828 ERROR 10852 [-/127.0.0.1/-/2ms POST /v1/order] nodejs.TypeError: Cannot read property 'count' of undefined
    at OperatingGoodsController.order (C:\Users\aliebware\Desktop\wang\server\app\controller\api\operatingGoods.js:197:34)
    at runMicrotasks (<anonymous>)
    at processTicksAndRejections (internal/process/task_queues.js:97:5)
    at async C:\Users\aliebware\Desktop\wang\server\app\middleware\isLogin.js:15:13
    at async C:\Users\aliebware\Desktop\wang\server\node_modules\_egg-development@2.5.0@egg-development\app\middleware\egg_loader_trace.js:9:50
    at async xframe (C:\Users\aliebware\Desktop\wang\server\node_modules\_egg-security@2.8.0@egg-security\lib\middlewares\xframe.js:7:5)
    at async xssProtection (C:\Users\aliebware\Desktop\wang\server\node_modules\_egg-security@2.8.0@egg-security\lib\middlewares\xssProtection.js:7:5)
    at async nosniff (C:\Users\aliebware\Desktop\wang\server\node_modules\_egg-security@2.8.0@egg-security\lib\middlewares\nosniff.js:8:5)
    at async noopen (C:\Users\aliebware\Desktop\wang\server\node_modules\_egg-security@2.8.0@egg-security\lib\middlewares\noopen.js:8:5)
    at async session (C:\Users\aliebware\Desktop\wang\server\node_modules\_koa-session@6.0.0@koa-session\index.js:41:7)
    at async bodyParser (C:\Users\aliebware\Desktop\wang\server\node_modules\_koa-bodyparser@4.3.0@koa-bodyparser\index.js:95:5)
    at async C:\Users\aliebware\Desktop\wang\server\node_modules\_koa-static-cache@5.1.3@koa-static-cache\index.js:39:63
    at async notfound (C:\Users\aliebware\Desktop\wang\server\node_modules\_egg@2.27.0@egg\app\middleware\notfound.js:5:5)
    at async meta (C:\Users\aliebware\Desktop\wang\server\node_modules\_egg@2.27.0@egg\app\middleware\meta.js:12:5)

pid: 10852
hostname: aliebware-PC

2020-07-28 14:25:22,842 ERROR 10852 [-/127.0.0.1/-/3ms POST /v1/order] nodejs.TypeError: Cannot read property 'count' of undefined
    at OperatingGoodsController.order (C:\Users\aliebware\Desktop\wang\server\app\controller\api\operatingGoods.js:197:34)
    at runMicrotasks (<anonymous>)
    at processTicksAndRejections (internal/process/task_queues.js:97:5)
    at async C:\Users\aliebware\Desktop\wang\server\app\middleware\isLogin.js:15:13
    at async C:\Users\aliebware\Desktop\wang\server\node_modules\_egg-development@2.5.0@egg-development\app\middleware\egg_loader_trace.js:9:50
    at async xframe (C:\Users\aliebware\Desktop\wang\server\node_modules\_egg-security@2.8.0@egg-security\lib\middlewares\xframe.js:7:5)
    at async xssProtection (C:\Users\aliebware\Desktop\wang\server\node_modules\_egg-security@2.8.0@egg-security\lib\middlewares\xssProtection.js:7:5)
    at async nosniff (C:\Users\aliebware\Desktop\wang\server\node_modules\_egg-security@2.8.0@egg-security\lib\middlewares\nosniff.js:8:5)
    at async noopen (C:\Users\aliebware\Desktop\wang\server\node_modules\_egg-security@2.8.0@egg-security\lib\middlewares\noopen.js:8:5)
    at async session (C:\Users\aliebware\Desktop\wang\server\node_modules\_koa-session@6.0.0@koa-session\index.js:41:7)
    at async bodyParser (C:\Users\aliebware\Desktop\wang\server\node_modules\_koa-bodyparser@4.3.0@koa-bodyparser\index.js:95:5)
    at async C:\Users\aliebware\Desktop\wang\server\node_modules\_koa-static-cache@5.1.3@koa-static-cache\index.js:39:63
    at async notfound (C:\Users\aliebware\Desktop\wang\server\node_modules\_egg@2.27.0@egg\app\middleware\notfound.js:5:5)
    at async meta (C:\Users\aliebware\Desktop\wang\server\node_modules\_egg@2.27.0@egg\app\middleware\meta.js:12:5)

pid: 10852
hostname: aliebware-PC

2020-07-28 14:26:02,123 ERROR 10852 [-/127.0.0.1/-/3ms POST /v1/order] nodejs.TypeError: Cannot read property 'count' of undefined
    at OperatingGoodsController.order (C:\Users\aliebware\Desktop\wang\server\app\controller\api\operatingGoods.js:197:34)
    at runMicrotasks (<anonymous>)
    at processTicksAndRejections (internal/process/task_queues.js:97:5)
    at async C:\Users\aliebware\Desktop\wang\server\app\middleware\isLogin.js:15:13
    at async C:\Users\aliebware\Desktop\wang\server\node_modules\_egg-development@2.5.0@egg-development\app\middleware\egg_loader_trace.js:9:50
    at async xframe (C:\Users\aliebware\Desktop\wang\server\node_modules\_egg-security@2.8.0@egg-security\lib\middlewares\xframe.js:7:5)
    at async xssProtection (C:\Users\aliebware\Desktop\wang\server\node_modules\_egg-security@2.8.0@egg-security\lib\middlewares\xssProtection.js:7:5)
    at async nosniff (C:\Users\aliebware\Desktop\wang\server\node_modules\_egg-security@2.8.0@egg-security\lib\middlewares\nosniff.js:8:5)
    at async noopen (C:\Users\aliebware\Desktop\wang\server\node_modules\_egg-security@2.8.0@egg-security\lib\middlewares\noopen.js:8:5)
    at async session (C:\Users\aliebware\Desktop\wang\server\node_modules\_koa-session@6.0.0@koa-session\index.js:41:7)
    at async bodyParser (C:\Users\aliebware\Desktop\wang\server\node_modules\_koa-bodyparser@4.3.0@koa-bodyparser\index.js:95:5)
    at async C:\Users\aliebware\Desktop\wang\server\node_modules\_koa-static-cache@5.1.3@koa-static-cache\index.js:39:63
    at async notfound (C:\Users\aliebware\Desktop\wang\server\node_modules\_egg@2.27.0@egg\app\middleware\notfound.js:5:5)
    at async meta (C:\Users\aliebware\Desktop\wang\server\node_modules\_egg@2.27.0@egg\app\middleware\meta.js:12:5)

pid: 10852
hostname: aliebware-PC

2020-07-29 12:07:36,221 ERROR 13568 [-/127.0.0.1/-/47ms POST /v1/goodsOne/comment] nodejs.TypeError: Cannot read property 'length' of undefined
    at OperatingGoodsController.comment (C:\Users\aliebware\Desktop\wang\server\app\controller\api\operatingGoods.js:247:24)
    at Object.callFn (C:\Users\aliebware\Desktop\wang\server\node_modules\_egg-core@4.17.4@egg-core\lib\utils\index.js:44:21)
    at Object.classControllerMiddleware (C:\Users\aliebware\Desktop\wang\server\node_modules\_egg-core@4.17.4@egg-core\lib\loader\mixin\controller.js:87:20)
    at Object.callFn (C:\Users\aliebware\Desktop\wang\server\node_modules\_@eggjs_router@2.0.0@@eggjs\router\lib\utils.js:12:21)
    at wrappedController (C:\Users\aliebware\Desktop\wang\server\node_modules\_@eggjs_router@2.0.0@@eggjs\router\lib\egg_router.js:322:18)
    at dispatch (C:\Users\aliebware\Desktop\wang\server\node_modules\_koa-compose@3.2.1@koa-compose\index.js:44:32)
    at next (C:\Users\aliebware\Desktop\wang\server\node_modules\_koa-compose@3.2.1@koa-compose\index.js:45:18)
    at C:\Users\aliebware\Desktop\wang\server\node_modules\_@eggjs_router@2.0.0@@eggjs\router\lib\router.js:190:18
    at dispatch (C:\Users\aliebware\Desktop\wang\server\node_modules\_koa-compose@3.2.1@koa-compose\index.js:44:32)
    at C:\Users\aliebware\Desktop\wang\server\node_modules\_koa-compose@3.2.1@koa-compose\index.js:36:12
    at dispatch (C:\Users\aliebware\Desktop\wang\server\node_modules\_@eggjs_router@2.0.0@@eggjs\router\lib\router.js:195:33)
    at dispatch (C:\Users\aliebware\Desktop\wang\server\node_modules\_koa-compose@4.1.0@koa-compose\index.js:42:32)
    at C:\Users\aliebware\Desktop\wang\server\app\middleware\isLogin.js:15:19
    at dispatch (C:\Users\aliebware\Desktop\wang\server\node_modules\_koa-compose@4.1.0@koa-compose\index.js:42:32)
    at C:\Users\aliebware\Desktop\wang\server\node_modules\_egg-development@2.5.0@egg-development\app\middleware\egg_loader_trace.js:9:56
    at dispatch (C:\Users\aliebware\Desktop\wang\server\node_modules\_koa-compose@4.1.0@koa-compose\index.js:42:32)

pid: 13568
hostname: aliebware-PC

2020-07-29 12:09:43,546 ERROR 13568 [-/127.0.0.1/-/467ms POST /v1/goodsOne/comment] nodejs.CastError: Cast to ObjectId failed for value "bdd9bd7f131843c59c7f9aabdb36f069" at path "_id" for model "OrderList"
    at model.Query.exec (C:\Users\aliebware\Desktop\wang\server\node_modules\_mongoose@5.9.25@mongoose\lib\query.js:4351:21)
    at model.Query.Query.then (C:\Users\aliebware\Desktop\wang\server\node_modules\_mongoose@5.9.25@mongoose\lib\query.js:4443:15)
    at runMicrotasks (<anonymous>)
    at processTicksAndRejections (internal/process/task_queues.js:97:5)
messageFormat: undefined
stringValue: "\"bdd9bd7f131843c59c7f9aabdb36f069\""
kind: "ObjectId"
value: "bdd9bd7f131843c59c7f9aabdb36f069"
path: "_id"
reason: {}
pid: 13568
hostname: aliebware-PC

2020-07-29 12:09:56,554 ERROR 13568 [-/127.0.0.1/-/8ms POST /v1/goodsOne/comment] nodejs.ValidationError: Comment validation failed: anonymous: Cast to Boolean failed for value "" at path "anonymous"
    at model.Document.invalidate (C:\Users\aliebware\Desktop\wang\server\node_modules\_mongoose@5.9.25@mongoose\lib\document.js:2575:32)
    at model.$set (C:\Users\aliebware\Desktop\wang\server\node_modules\_mongoose@5.9.25@mongoose\lib\document.js:1247:12)
    at model._handleIndex (C:\Users\aliebware\Desktop\wang\server\node_modules\_mongoose@5.9.25@mongoose\lib\document.js:980:14)
    at model.$set (C:\Users\aliebware\Desktop\wang\server\node_modules\_mongoose@5.9.25@mongoose\lib\document.js:921:22)
    at model.Document (C:\Users\aliebware\Desktop\wang\server\node_modules\_mongoose@5.9.25@mongoose\lib\document.js:140:12)
    at model.Model (C:\Users\aliebware\Desktop\wang\server\node_modules\_mongoose@5.9.25@mongoose\lib\model.js:106:12)
    at new model (C:\Users\aliebware\Desktop\wang\server\node_modules\_mongoose@5.9.25@mongoose\lib\model.js:4677:15)
    at OperatingGoodsController.comment (C:\Users\aliebware\Desktop\wang\server\app\controller\api\operatingGoods.js:262:25)
    at Object.callFn (C:\Users\aliebware\Desktop\wang\server\node_modules\_egg-core@4.17.4@egg-core\lib\utils\index.js:44:21)
    at Object.classControllerMiddleware (C:\Users\aliebware\Desktop\wang\server\node_modules\_egg-core@4.17.4@egg-core\lib\loader\mixin\controller.js:87:20)
    at Object.callFn (C:\Users\aliebware\Desktop\wang\server\node_modules\_@eggjs_router@2.0.0@@eggjs\router\lib\utils.js:12:21)
    at wrappedController (C:\Users\aliebware\Desktop\wang\server\node_modules\_@eggjs_router@2.0.0@@eggjs\router\lib\egg_router.js:322:18)
    at dispatch (C:\Users\aliebware\Desktop\wang\server\node_modules\_koa-compose@3.2.1@koa-compose\index.js:44:32)
    at next (C:\Users\aliebware\Desktop\wang\server\node_modules\_koa-compose@3.2.1@koa-compose\index.js:45:18)
    at C:\Users\aliebware\Desktop\wang\server\node_modules\_@eggjs_router@2.0.0@@eggjs\router\lib\router.js:190:18
    at dispatch (C:\Users\aliebware\Desktop\wang\server\node_modules\_koa-compose@3.2.1@koa-compose\index.js:44:32)
errors: {"anonymous":{"stringValue":"\"\"","kind":"Boolean","value":"","path":"anonymous","reason":{"stringValue":"\"\"","kind":"boolean","value":""}}}
_message: "Comment validation failed"
pid: 13568
hostname: aliebware-PC

2020-07-29 12:11:14,342 ERROR 13568 [-/127.0.0.1/-/6ms POST /v1/goodsOne/comment] nodejs.ValidationError: Comment validation failed: anonymous: Cast to Boolean failed for value "" at path "anonymous"
    at model.Document.invalidate (C:\Users\aliebware\Desktop\wang\server\node_modules\_mongoose@5.9.25@mongoose\lib\document.js:2575:32)
    at model.$set (C:\Users\aliebware\Desktop\wang\server\node_modules\_mongoose@5.9.25@mongoose\lib\document.js:1247:12)
    at model._handleIndex (C:\Users\aliebware\Desktop\wang\server\node_modules\_mongoose@5.9.25@mongoose\lib\document.js:980:14)
    at model.$set (C:\Users\aliebware\Desktop\wang\server\node_modules\_mongoose@5.9.25@mongoose\lib\document.js:921:22)
    at model.Document (C:\Users\aliebware\Desktop\wang\server\node_modules\_mongoose@5.9.25@mongoose\lib\document.js:140:12)
    at model.Model (C:\Users\aliebware\Desktop\wang\server\node_modules\_mongoose@5.9.25@mongoose\lib\model.js:106:12)
    at new model (C:\Users\aliebware\Desktop\wang\server\node_modules\_mongoose@5.9.25@mongoose\lib\model.js:4677:15)
    at OperatingGoodsController.comment (C:\Users\aliebware\Desktop\wang\server\app\controller\api\operatingGoods.js:262:25)
    at Object.callFn (C:\Users\aliebware\Desktop\wang\server\node_modules\_egg-core@4.17.4@egg-core\lib\utils\index.js:44:21)
    at Object.classControllerMiddleware (C:\Users\aliebware\Desktop\wang\server\node_modules\_egg-core@4.17.4@egg-core\lib\loader\mixin\controller.js:87:20)
    at Object.callFn (C:\Users\aliebware\Desktop\wang\server\node_modules\_@eggjs_router@2.0.0@@eggjs\router\lib\utils.js:12:21)
    at wrappedController (C:\Users\aliebware\Desktop\wang\server\node_modules\_@eggjs_router@2.0.0@@eggjs\router\lib\egg_router.js:322:18)
    at dispatch (C:\Users\aliebware\Desktop\wang\server\node_modules\_koa-compose@3.2.1@koa-compose\index.js:44:32)
    at next (C:\Users\aliebware\Desktop\wang\server\node_modules\_koa-compose@3.2.1@koa-compose\index.js:45:18)
    at C:\Users\aliebware\Desktop\wang\server\node_modules\_@eggjs_router@2.0.0@@eggjs\router\lib\router.js:190:18
    at dispatch (C:\Users\aliebware\Desktop\wang\server\node_modules\_koa-compose@3.2.1@koa-compose\index.js:44:32)
errors: {"anonymous":{"stringValue":"\"\"","kind":"Boolean","value":"","path":"anonymous","reason":{"stringValue":"\"\"","kind":"boolean","value":""}}}
_message: "Comment validation failed"
pid: 13568
hostname: aliebware-PC

2020-07-29 12:11:20,748 ERROR 13568 [-/127.0.0.1/-/4ms POST /v1/goodsOne/comment] nodejs.ValidationError: Comment validation failed: anonymous: Cast to Boolean failed for value "" at path "anonymous"
    at model.Document.invalidate (C:\Users\aliebware\Desktop\wang\server\node_modules\_mongoose@5.9.25@mongoose\lib\document.js:2575:32)
    at model.$set (C:\Users\aliebware\Desktop\wang\server\node_modules\_mongoose@5.9.25@mongoose\lib\document.js:1247:12)
    at model._handleIndex (C:\Users\aliebware\Desktop\wang\server\node_modules\_mongoose@5.9.25@mongoose\lib\document.js:980:14)
    at model.$set (C:\Users\aliebware\Desktop\wang\server\node_modules\_mongoose@5.9.25@mongoose\lib\document.js:921:22)
    at model.Document (C:\Users\aliebware\Desktop\wang\server\node_modules\_mongoose@5.9.25@mongoose\lib\document.js:140:12)
    at model.Model (C:\Users\aliebware\Desktop\wang\server\node_modules\_mongoose@5.9.25@mongoose\lib\model.js:106:12)
    at new model (C:\Users\aliebware\Desktop\wang\server\node_modules\_mongoose@5.9.25@mongoose\lib\model.js:4677:15)
    at OperatingGoodsController.comment (C:\Users\aliebware\Desktop\wang\server\app\controller\api\operatingGoods.js:262:25)
    at Object.callFn (C:\Users\aliebware\Desktop\wang\server\node_modules\_egg-core@4.17.4@egg-core\lib\utils\index.js:44:21)
    at Object.classControllerMiddleware (C:\Users\aliebware\Desktop\wang\server\node_modules\_egg-core@4.17.4@egg-core\lib\loader\mixin\controller.js:87:20)
    at Object.callFn (C:\Users\aliebware\Desktop\wang\server\node_modules\_@eggjs_router@2.0.0@@eggjs\router\lib\utils.js:12:21)
    at wrappedController (C:\Users\aliebware\Desktop\wang\server\node_modules\_@eggjs_router@2.0.0@@eggjs\router\lib\egg_router.js:322:18)
    at dispatch (C:\Users\aliebware\Desktop\wang\server\node_modules\_koa-compose@3.2.1@koa-compose\index.js:44:32)
    at next (C:\Users\aliebware\Desktop\wang\server\node_modules\_koa-compose@3.2.1@koa-compose\index.js:45:18)
    at C:\Users\aliebware\Desktop\wang\server\node_modules\_@eggjs_router@2.0.0@@eggjs\router\lib\router.js:190:18
    at dispatch (C:\Users\aliebware\Desktop\wang\server\node_modules\_koa-compose@3.2.1@koa-compose\index.js:44:32)
errors: {"anonymous":{"stringValue":"\"\"","kind":"Boolean","value":"","path":"anonymous","reason":{"stringValue":"\"\"","kind":"boolean","value":""}}}
_message: "Comment validation failed"
pid: 13568
hostname: aliebware-PC

2020-07-29 12:14:43,119 ERROR 13568 [-/127.0.0.1/-/3ms POST /v1/goodsOne/comment] nodejs.ValidationError: Comment validation failed: anonymous: Cast to Boolean failed for value "" at path "anonymous"
    at model.Document.invalidate (C:\Users\aliebware\Desktop\wang\server\node_modules\_mongoose@5.9.25@mongoose\lib\document.js:2575:32)
    at model.$set (C:\Users\aliebware\Desktop\wang\server\node_modules\_mongoose@5.9.25@mongoose\lib\document.js:1247:12)
    at model._handleIndex (C:\Users\aliebware\Desktop\wang\server\node_modules\_mongoose@5.9.25@mongoose\lib\document.js:980:14)
    at model.$set (C:\Users\aliebware\Desktop\wang\server\node_modules\_mongoose@5.9.25@mongoose\lib\document.js:921:22)
    at model.Document (C:\Users\aliebware\Desktop\wang\server\node_modules\_mongoose@5.9.25@mongoose\lib\document.js:140:12)
    at model.Model (C:\Users\aliebware\Desktop\wang\server\node_modules\_mongoose@5.9.25@mongoose\lib\model.js:106:12)
    at new model (C:\Users\aliebware\Desktop\wang\server\node_modules\_mongoose@5.9.25@mongoose\lib\model.js:4677:15)
    at OperatingGoodsController.comment (C:\Users\aliebware\Desktop\wang\server\app\controller\api\operatingGoods.js:262:25)
    at Object.callFn (C:\Users\aliebware\Desktop\wang\server\node_modules\_egg-core@4.17.4@egg-core\lib\utils\index.js:44:21)
    at Object.classControllerMiddleware (C:\Users\aliebware\Desktop\wang\server\node_modules\_egg-core@4.17.4@egg-core\lib\loader\mixin\controller.js:87:20)
    at Object.callFn (C:\Users\aliebware\Desktop\wang\server\node_modules\_@eggjs_router@2.0.0@@eggjs\router\lib\utils.js:12:21)
    at wrappedController (C:\Users\aliebware\Desktop\wang\server\node_modules\_@eggjs_router@2.0.0@@eggjs\router\lib\egg_router.js:322:18)
    at dispatch (C:\Users\aliebware\Desktop\wang\server\node_modules\_koa-compose@3.2.1@koa-compose\index.js:44:32)
    at next (C:\Users\aliebware\Desktop\wang\server\node_modules\_koa-compose@3.2.1@koa-compose\index.js:45:18)
    at C:\Users\aliebware\Desktop\wang\server\node_modules\_@eggjs_router@2.0.0@@eggjs\router\lib\router.js:190:18
    at dispatch (C:\Users\aliebware\Desktop\wang\server\node_modules\_koa-compose@3.2.1@koa-compose\index.js:44:32)
errors: {"anonymous":{"stringValue":"\"\"","kind":"Boolean","value":"","path":"anonymous","reason":{"stringValue":"\"\"","kind":"boolean","value":""}}}
_message: "Comment validation failed"
pid: 13568
hostname: aliebware-PC

2020-07-29 12:14:59,189 ERROR 13568 [-/127.0.0.1/-/5ms POST /v1/goodsOne/comment] nodejs.ValidationError: Comment validation failed: anonymous: Cast to Boolean failed for value "" at path "anonymous"
    at model.Document.invalidate (C:\Users\aliebware\Desktop\wang\server\node_modules\_mongoose@5.9.25@mongoose\lib\document.js:2575:32)
    at model.$set (C:\Users\aliebware\Desktop\wang\server\node_modules\_mongoose@5.9.25@mongoose\lib\document.js:1247:12)
    at model._handleIndex (C:\Users\aliebware\Desktop\wang\server\node_modules\_mongoose@5.9.25@mongoose\lib\document.js:980:14)
    at model.$set (C:\Users\aliebware\Desktop\wang\server\node_modules\_mongoose@5.9.25@mongoose\lib\document.js:921:22)
    at model.Document (C:\Users\aliebware\Desktop\wang\server\node_modules\_mongoose@5.9.25@mongoose\lib\document.js:140:12)
    at model.Model (C:\Users\aliebware\Desktop\wang\server\node_modules\_mongoose@5.9.25@mongoose\lib\model.js:106:12)
    at new model (C:\Users\aliebware\Desktop\wang\server\node_modules\_mongoose@5.9.25@mongoose\lib\model.js:4677:15)
    at OperatingGoodsController.comment (C:\Users\aliebware\Desktop\wang\server\app\controller\api\operatingGoods.js:262:25)
    at Object.callFn (C:\Users\aliebware\Desktop\wang\server\node_modules\_egg-core@4.17.4@egg-core\lib\utils\index.js:44:21)
    at Object.classControllerMiddleware (C:\Users\aliebware\Desktop\wang\server\node_modules\_egg-core@4.17.4@egg-core\lib\loader\mixin\controller.js:87:20)
    at Object.callFn (C:\Users\aliebware\Desktop\wang\server\node_modules\_@eggjs_router@2.0.0@@eggjs\router\lib\utils.js:12:21)
    at wrappedController (C:\Users\aliebware\Desktop\wang\server\node_modules\_@eggjs_router@2.0.0@@eggjs\router\lib\egg_router.js:322:18)
    at dispatch (C:\Users\aliebware\Desktop\wang\server\node_modules\_koa-compose@3.2.1@koa-compose\index.js:44:32)
    at next (C:\Users\aliebware\Desktop\wang\server\node_modules\_koa-compose@3.2.1@koa-compose\index.js:45:18)
    at C:\Users\aliebware\Desktop\wang\server\node_modules\_@eggjs_router@2.0.0@@eggjs\router\lib\router.js:190:18
    at dispatch (C:\Users\aliebware\Desktop\wang\server\node_modules\_koa-compose@3.2.1@koa-compose\index.js:44:32)
errors: {"anonymous":{"stringValue":"\"\"","kind":"Boolean","value":"","path":"anonymous","reason":{"stringValue":"\"\"","kind":"boolean","value":""}}}
_message: "Comment validation failed"
pid: 13568
hostname: aliebware-PC

2020-07-29 12:23:41,024 ERROR 13568 [-/127.0.0.1/-/2ms POST /v1/goodsOne/comment] nodejs.ValidationError: Comment validation failed: anonymous: Cast to Boolean failed for value "" at path "anonymous"
    at model.Document.invalidate (C:\Users\aliebware\Desktop\wang\server\node_modules\_mongoose@5.9.25@mongoose\lib\document.js:2575:32)
    at model.$set (C:\Users\aliebware\Desktop\wang\server\node_modules\_mongoose@5.9.25@mongoose\lib\document.js:1247:12)
    at model._handleIndex (C:\Users\aliebware\Desktop\wang\server\node_modules\_mongoose@5.9.25@mongoose\lib\document.js:980:14)
    at model.$set (C:\Users\aliebware\Desktop\wang\server\node_modules\_mongoose@5.9.25@mongoose\lib\document.js:921:22)
    at model.Document (C:\Users\aliebware\Desktop\wang\server\node_modules\_mongoose@5.9.25@mongoose\lib\document.js:140:12)
    at model.Model (C:\Users\aliebware\Desktop\wang\server\node_modules\_mongoose@5.9.25@mongoose\lib\model.js:106:12)
    at new model (C:\Users\aliebware\Desktop\wang\server\node_modules\_mongoose@5.9.25@mongoose\lib\model.js:4677:15)
    at OperatingGoodsController.comment (C:\Users\aliebware\Desktop\wang\server\app\controller\api\operatingGoods.js:262:25)
    at Object.callFn (C:\Users\aliebware\Desktop\wang\server\node_modules\_egg-core@4.17.4@egg-core\lib\utils\index.js:44:21)
    at Object.classControllerMiddleware (C:\Users\aliebware\Desktop\wang\server\node_modules\_egg-core@4.17.4@egg-core\lib\loader\mixin\controller.js:87:20)
    at Object.callFn (C:\Users\aliebware\Desktop\wang\server\node_modules\_@eggjs_router@2.0.0@@eggjs\router\lib\utils.js:12:21)
    at wrappedController (C:\Users\aliebware\Desktop\wang\server\node_modules\_@eggjs_router@2.0.0@@eggjs\router\lib\egg_router.js:322:18)
    at dispatch (C:\Users\aliebware\Desktop\wang\server\node_modules\_koa-compose@3.2.1@koa-compose\index.js:44:32)
    at next (C:\Users\aliebware\Desktop\wang\server\node_modules\_koa-compose@3.2.1@koa-compose\index.js:45:18)
    at C:\Users\aliebware\Desktop\wang\server\node_modules\_@eggjs_router@2.0.0@@eggjs\router\lib\router.js:190:18
    at dispatch (C:\Users\aliebware\Desktop\wang\server\node_modules\_koa-compose@3.2.1@koa-compose\index.js:44:32)
errors: {"anonymous":{"stringValue":"\"\"","kind":"Boolean","value":"","path":"anonymous","reason":{"stringValue":"\"\"","kind":"boolean","value":""}}}
_message: "Comment validation failed"
pid: 13568
hostname: aliebware-PC

2020-07-29 12:25:37,935 ERROR 13568 [-/127.0.0.1/-/6ms POST /v1/goodsOne/comment] nodejs.CastError: Cast to ObjectId failed for value "bdd9bd7f131843c59c7f9aabdb36f069" at path "_id" for model "OrderList"
    at model.Query.exec (C:\Users\aliebware\Desktop\wang\server\node_modules\_mongoose@5.9.25@mongoose\lib\query.js:4351:21)
    at model.Query.Query.then (C:\Users\aliebware\Desktop\wang\server\node_modules\_mongoose@5.9.25@mongoose\lib\query.js:4443:15)
    at runMicrotasks (<anonymous>)
    at processTicksAndRejections (internal/process/task_queues.js:97:5)
messageFormat: undefined
stringValue: "\"bdd9bd7f131843c59c7f9aabdb36f069\""
kind: "ObjectId"
value: "bdd9bd7f131843c59c7f9aabdb36f069"
path: "_id"
reason: {}
pid: 13568
hostname: aliebware-PC

2020-07-29 12:25:43,535 ERROR 13568 [-/127.0.0.1/-/9ms POST /v1/goodsOne/comment] nodejs.CastError: Cast to ObjectId failed for value "bdd9bd7f131843c59c7f9aabdb36f069" at path "_id" for model "OrderList"
    at model.Query.exec (C:\Users\aliebware\Desktop\wang\server\node_modules\_mongoose@5.9.25@mongoose\lib\query.js:4351:21)
    at model.Query.Query.then (C:\Users\aliebware\Desktop\wang\server\node_modules\_mongoose@5.9.25@mongoose\lib\query.js:4443:15)
    at runMicrotasks (<anonymous>)
    at processTicksAndRejections (internal/process/task_queues.js:97:5)
messageFormat: undefined
stringValue: "\"bdd9bd7f131843c59c7f9aabdb36f069\""
kind: "ObjectId"
value: "bdd9bd7f131843c59c7f9aabdb36f069"
path: "_id"
reason: {}
pid: 13568
hostname: aliebware-PC

2020-07-29 12:27:13,041 ERROR 13568 [-/127.0.0.1/-/5ms POST /v1/goodsOne/comment] nodejs.CastError: Cast to ObjectId failed for value "bdd9bd7f131843c59c7f9aabdb36f069" at path "_id" for model "OrderList"
    at model.Query.exec (C:\Users\aliebware\Desktop\wang\server\node_modules\_mongoose@5.9.25@mongoose\lib\query.js:4351:21)
    at model.Query.Query.then (C:\Users\aliebware\Desktop\wang\server\node_modules\_mongoose@5.9.25@mongoose\lib\query.js:4443:15)
    at runMicrotasks (<anonymous>)
    at processTicksAndRejections (internal/process/task_queues.js:97:5)
messageFormat: undefined
stringValue: "\"bdd9bd7f131843c59c7f9aabdb36f069\""
kind: "ObjectId"
value: "bdd9bd7f131843c59c7f9aabdb36f069"
path: "_id"
reason: {}
pid: 13568
hostname: aliebware-PC

2020-07-29 12:38:58,154 ERROR 13568 [-/127.0.0.1/-/7ms POST /v1/goodsOne/comment] nodejs.CastError: Cast to ObjectId failed for value "bdd9bd7f131843c59c7f9aabdb36f069" at path "_id" for model "OrderList"
    at model.Query.exec (C:\Users\aliebware\Desktop\wang\server\node_modules\_mongoose@5.9.25@mongoose\lib\query.js:4351:21)
    at model.Query.Query.then (C:\Users\aliebware\Desktop\wang\server\node_modules\_mongoose@5.9.25@mongoose\lib\query.js:4443:15)
    at runMicrotasks (<anonymous>)
    at processTicksAndRejections (internal/process/task_queues.js:97:5)
messageFormat: undefined
stringValue: "\"bdd9bd7f131843c59c7f9aabdb36f069\""
kind: "ObjectId"
value: "bdd9bd7f131843c59c7f9aabdb36f069"
path: "_id"
reason: {}
pid: 13568
hostname: aliebware-PC

2020-07-29 12:41:45,317 ERROR 13568 [-/127.0.0.1/-/7ms POST /v1/goodsOne/comment] nodejs.CastError: Cast to ObjectId failed for value "bdd9bd7f131843c59c7f9aabdb36f069" at path "_id" for model "OrderList"
    at model.Query.exec (C:\Users\aliebware\Desktop\wang\server\node_modules\_mongoose@5.9.25@mongoose\lib\query.js:4351:21)
    at model.Query.Query.then (C:\Users\aliebware\Desktop\wang\server\node_modules\_mongoose@5.9.25@mongoose\lib\query.js:4443:15)
    at runMicrotasks (<anonymous>)
    at processTicksAndRejections (internal/process/task_queues.js:97:5)
messageFormat: undefined
stringValue: "\"bdd9bd7f131843c59c7f9aabdb36f069\""
kind: "ObjectId"
value: "bdd9bd7f131843c59c7f9aabdb36f069"
path: "_id"
reason: {}
pid: 13568
hostname: aliebware-PC

2020-07-29 12:41:55,900 ERROR 13568 [-/127.0.0.1/-/9ms POST /v1/goodsOne/comment] nodejs.CastError: Cast to ObjectId failed for value "bdd9bd7f131843c59c7f9aabdb36f069" at path "_id" for model "OrderList"
    at model.Query.exec (C:\Users\aliebware\Desktop\wang\server\node_modules\_mongoose@5.9.25@mongoose\lib\query.js:4351:21)
    at model.Query.Query.then (C:\Users\aliebware\Desktop\wang\server\node_modules\_mongoose@5.9.25@mongoose\lib\query.js:4443:15)
    at runMicrotasks (<anonymous>)
    at processTicksAndRejections (internal/process/task_queues.js:97:5)
messageFormat: undefined
stringValue: "\"bdd9bd7f131843c59c7f9aabdb36f069\""
kind: "ObjectId"
value: "bdd9bd7f131843c59c7f9aabdb36f069"
path: "_id"
reason: {}
pid: 13568
hostname: aliebware-PC

2020-07-30 15:01:32,714 ERROR 8896 [-/127.0.0.1/-/10ms POST /v1/search] nodejs.CastError: Cast to string failed for value "{ isTrusted: true }" at path "name" for model "Goods"
    at model.Query.exec (C:\Users\aliebware\Desktop\wang\server\node_modules\_mongoose@5.9.25@mongoose\lib\query.js:4351:21)
    at model.Query.Query.then (C:\Users\aliebware\Desktop\wang\server\node_modules\_mongoose@5.9.25@mongoose\lib\query.js:4443:15)
    at runMicrotasks (<anonymous>)
    at processTicksAndRejections (internal/process/task_queues.js:97:5)
messageFormat: undefined
stringValue: "\"{ isTrusted: true }\""
kind: "string"
value: {"isTrusted":true}
path: "name"
reason: null
pid: 8896
hostname: aliebware-PC

2020-07-30 15:01:35,803 ERROR 8896 [-/127.0.0.1/-/3ms POST /v1/search] nodejs.CastError: Cast to string failed for value "{ isTrusted: true }" at path "name" for model "Goods"
    at model.Query.exec (C:\Users\aliebware\Desktop\wang\server\node_modules\_mongoose@5.9.25@mongoose\lib\query.js:4351:21)
    at model.Query.Query.then (C:\Users\aliebware\Desktop\wang\server\node_modules\_mongoose@5.9.25@mongoose\lib\query.js:4443:15)
    at runMicrotasks (<anonymous>)
    at processTicksAndRejections (internal/process/task_queues.js:97:5)
messageFormat: undefined
stringValue: "\"{ isTrusted: true }\""
kind: "string"
value: {"isTrusted":true}
path: "name"
reason: null
pid: 8896
hostname: aliebware-PC

2020-07-30 15:03:00,340 ERROR 8896 [-/127.0.0.1/-/1ms POST /v1/search] nodejs.CastError: Cast to string failed for value "{ isTrusted: true }" at path "name" for model "Goods"
    at model.Query.exec (C:\Users\aliebware\Desktop\wang\server\node_modules\_mongoose@5.9.25@mongoose\lib\query.js:4351:21)
    at model.Query.Query.then (C:\Users\aliebware\Desktop\wang\server\node_modules\_mongoose@5.9.25@mongoose\lib\query.js:4443:15)
    at runMicrotasks (<anonymous>)
    at processTicksAndRejections (internal/process/task_queues.js:97:5)
messageFormat: undefined
stringValue: "\"{ isTrusted: true }\""
kind: "string"
value: {"isTrusted":true}
path: "name"
reason: null
pid: 8896
hostname: aliebware-PC

2020-07-30 15:03:02,886 ERROR 8896 [-/127.0.0.1/-/3ms POST /v1/search] nodejs.CastError: Cast to string failed for value "{ isTrusted: true }" at path "name" for model "Goods"
    at model.Query.exec (C:\Users\aliebware\Desktop\wang\server\node_modules\_mongoose@5.9.25@mongoose\lib\query.js:4351:21)
    at model.Query.Query.then (C:\Users\aliebware\Desktop\wang\server\node_modules\_mongoose@5.9.25@mongoose\lib\query.js:4443:15)
    at runMicrotasks (<anonymous>)
    at processTicksAndRejections (internal/process/task_queues.js:97:5)
messageFormat: undefined
stringValue: "\"{ isTrusted: true }\""
kind: "string"
value: {"isTrusted":true}
path: "name"
reason: null
pid: 8896
hostname: aliebware-PC

2020-07-30 15:04:31,903 ERROR 8896 [-/127.0.0.1/-/2ms POST /v1/search] nodejs.CastError: Cast to string failed for value "{ isTrusted: true }" at path "name" for model "Goods"
    at model.Query.exec (C:\Users\aliebware\Desktop\wang\server\node_modules\_mongoose@5.9.25@mongoose\lib\query.js:4351:21)
    at model.Query.Query.then (C:\Users\aliebware\Desktop\wang\server\node_modules\_mongoose@5.9.25@mongoose\lib\query.js:4443:15)
    at runMicrotasks (<anonymous>)
    at processTicksAndRejections (internal/process/task_queues.js:97:5)
messageFormat: undefined
stringValue: "\"{ isTrusted: true }\""
kind: "string"
value: {"isTrusted":true}
path: "name"
reason: null
pid: 8896
hostname: aliebware-PC

2020-08-03 11:30:13,768 ERROR 6248 [-/127.0.0.1/-/3ms POST /v1/search] nodejs.CastError: Cast to string failed for value "{ isTrusted: true }" at path "name" for model "Goods"
    at model.Query.exec (C:\Users\aliebware\Desktop\wang\server\node_modules\_mongoose@5.9.25@mongoose\lib\query.js:4351:21)
    at model.Query.Query.then (C:\Users\aliebware\Desktop\wang\server\node_modules\_mongoose@5.9.25@mongoose\lib\query.js:4443:15)
    at runMicrotasks (<anonymous>)
    at processTicksAndRejections (internal/process/task_queues.js:97:5)
messageFormat: undefined
stringValue: "\"{ isTrusted: true }\""
kind: "string"
value: {"isTrusted":true}
path: "name"
reason: null
pid: 6248
hostname: aliebware-PC

2020-08-03 11:30:16,970 ERROR 6248 [-/127.0.0.1/-/1ms POST /v1/search] nodejs.CastError: Cast to string failed for value "{ isTrusted: true }" at path "name" for model "Goods"
    at model.Query.exec (C:\Users\aliebware\Desktop\wang\server\node_modules\_mongoose@5.9.25@mongoose\lib\query.js:4351:21)
    at model.Query.Query.then (C:\Users\aliebware\Desktop\wang\server\node_modules\_mongoose@5.9.25@mongoose\lib\query.js:4443:15)
    at runMicrotasks (<anonymous>)
    at processTicksAndRejections (internal/process/task_queues.js:97:5)
messageFormat: undefined
stringValue: "\"{ isTrusted: true }\""
kind: "string"
value: {"isTrusted":true}
path: "name"
reason: null
pid: 6248
hostname: aliebware-PC

